<?xml version="1.0"?>
<testsuite name="HeadlessChrome 77.0.3844 (Mac OS X 10.14.6)" package="" timestamp="2019-11-13T22:21:19" id="0" hostname="domeniks-imac" tests="79" errors="0" failures="19" time="2.148">
  <properties>
    <property name="browser.fullName" value="Mozilla/5.0 (Macintosh; Intel Mac OS X 10_14_6) AppleWebKit/537.36 (KHTML, like Gecko) HeadlessChrome/77.0.3844.0 Safari/537.36"/>
  </properties>
  <testcase name="ShellComponent should create" time="0.658" classname="ShellComponent">
    <failure type="">1. If 'i-feather' is an Angular component, then verify that it is part of this module.
2. If 'i-feather' is a Web Component then add 'CUSTOM_ELEMENTS_SCHEMA' to the '@NgModule.schemas' of this component to suppress this message. ("
          (click)="closeMenu()"
        &gt;
          [ERROR -&gt;]&lt;i-feather
            name="search"
            style="width: 21px;
          &lt;span translate&gt;SHOW_NOW&lt;/span&gt;: {{ [ERROR -&gt;]currentShow | safeHtml }}
        &lt;/span&gt;
'i-feather' is not a known element:
1. If 'i-feather' is an Angular component, then verify that it is part of this module.
2. If 'i-feather' is a Web Component then add 'CUSTOM_ELEMENTS_SCHEMA' to the '@NgModule.schemas' of this component to suppress this message. ("
          (click)="closeMenu()"
        &gt;
          [ERROR -&gt;]&lt;i-feather
            name="search"
            style="width: 21px;
"): ng:///DynamicTestModule/HeaderComponent.html@28:10
The pipe 'safeHtml' could not be found ("      &lt;!-- &lt;i class="fas fa-question-circle"&gt;&lt;/i&gt; --&gt;
          &lt;span translate&gt;SHOW_NOW&lt;/span&gt;: {{ [ERROR -&gt;]currentShow | safeHtml }}
        &lt;/span&gt;
        &lt;div class="nav-item" ngbDropdown placement="bottom"): ng:///DynamicTestModule/HeaderComponent.html@85:46
error properties: Object({ ngSyntaxError: true, ngParseErrors: [ 'i-feather' is not a known element:
"): ng:///DynamicTestModule/HeaderComponent.html@28:10, The pipe 'safeHtml' could not be found ("      &lt;!-- &lt;i class="fas fa-question-circle"&gt;&lt;/i&gt; --&gt;
        &lt;div class="nav-item" ngbDropdown placement="bottom"): ng:///DynamicTestModule/HeaderComponent.html@85:46 ] })
Error: Template parse errors:
    at syntaxError (node_modules/@angular/compiler/fesm5/compiler.js:2430:1)
    at TemplateParser.push../node_modules/@angular/compiler/fesm5/compiler.js.TemplateParser.parse (node_modules/@angular/compiler/fesm5/compiler.js:20605:1)
    at JitCompiler.push../node_modules/@angular/compiler/fesm5/compiler.js.JitCompiler._parseTemplate (node_modules/@angular/compiler/fesm5/compiler.js:26171:1)
    at JitCompiler.push../node_modules/@angular/compiler/fesm5/compiler.js.JitCompiler._compileTemplate (node_modules/@angular/compiler/fesm5/compiler.js:26158:1)
    at node_modules/@angular/compiler/fesm5/compiler.js:26101:48
    at &lt;Jasmine&gt;
    at JitCompiler.push../node_modules/@angular/compiler/fesm5/compiler.js.JitCompiler._compileComponents (node_modules/@angular/compiler/fesm5/compiler.js:26101:1)
    at node_modules/@angular/compiler/fesm5/compiler.js:26019:1
    at Object.then (node_modules/@angular/compiler/fesm5/compiler.js:2421:33)
    at JitCompiler.push../node_modules/@angular/compiler/fesm5/compiler.js.JitCompiler._compileModuleAndAllComponents (node_modules/@angular/compiler/fesm5/compiler.js:26017:1)
</failure>
    <failure type="">1. If 'i-feather' is an Angular component, then verify that it is part of this module.
2. If 'i-feather' is a Web Component then add 'CUSTOM_ELEMENTS_SCHEMA' to the '@NgModule.schemas' of this component to suppress this message. ("
          (click)="closeMenu()"
        &gt;
          [ERROR -&gt;]&lt;i-feather
            name="search"
            style="width: 21px;
          &lt;span translate&gt;SHOW_NOW&lt;/span&gt;: {{ [ERROR -&gt;]currentShow | safeHtml }}
        &lt;/span&gt;
Error: Template parse errors:
'i-feather' is not a known element:
1. If 'i-feather' is an Angular component, then verify that it is part of this module.
2. If 'i-feather' is a Web Component then add 'CUSTOM_ELEMENTS_SCHEMA' to the '@NgModule.schemas' of this component to suppress this message. ("
          (click)="closeMenu()"
        &gt;
          [ERROR -&gt;]&lt;i-feather
            name="search"
            style="width: 21px;
"): ng:///DynamicTestModule/HeaderComponent.html@28:10
The pipe 'safeHtml' could not be found ("      &lt;!-- &lt;i class="fas fa-question-circle"&gt;&lt;/i&gt; --&gt;
          &lt;span translate&gt;SHOW_NOW&lt;/span&gt;: {{ [ERROR -&gt;]currentShow | safeHtml }}
        &lt;/span&gt;
        &lt;div class="nav-item" ngbDropdown placement="bottom"): ng:///DynamicTestModule/HeaderComponent.html@85:46
error properties: Object({ ngSyntaxError: true, ngParseErrors: [ 'i-feather' is not a known element:
"): ng:///DynamicTestModule/HeaderComponent.html@28:10, The pipe 'safeHtml' could not be found ("      &lt;!-- &lt;i class="fas fa-question-circle"&gt;&lt;/i&gt; --&gt;
        &lt;div class="nav-item" ngbDropdown placement="bottom"): ng:///DynamicTestModule/HeaderComponent.html@85:46 ] })
    at syntaxError (node_modules/@angular/compiler/fesm5/compiler.js:2430:1)
    at TemplateParser.push../node_modules/@angular/compiler/fesm5/compiler.js.TemplateParser.parse (node_modules/@angular/compiler/fesm5/compiler.js:20605:1)
    at JitCompiler.push../node_modules/@angular/compiler/fesm5/compiler.js.JitCompiler._parseTemplate (node_modules/@angular/compiler/fesm5/compiler.js:26171:1)
    at JitCompiler.push../node_modules/@angular/compiler/fesm5/compiler.js.JitCompiler._compileTemplate (node_modules/@angular/compiler/fesm5/compiler.js:26158:1)
    at node_modules/@angular/compiler/fesm5/compiler.js:26101:48
    at &lt;Jasmine&gt;
    at JitCompiler.push../node_modules/@angular/compiler/fesm5/compiler.js.JitCompiler._compileComponents (node_modules/@angular/compiler/fesm5/compiler.js:26101:1)
    at node_modules/@angular/compiler/fesm5/compiler.js:26019:1
    at Object.then (node_modules/@angular/compiler/fesm5/compiler.js:2421:33)
    at JitCompiler.push../node_modules/@angular/compiler/fesm5/compiler.js.JitCompiler._compileModuleAndAllComponents (node_modules/@angular/compiler/fesm5/compiler.js:26017:1)
</failure>
    <failure type="">Error: Expected undefined to be truthy.
    at &lt;Jasmine&gt;
    at UserContext.&lt;anonymous&gt; (src/app/shell/shell.component.spec.ts:45:23)
    at ZoneDelegate../node_modules/zone.js/dist/zone.js.ZoneDelegate.invoke (node_modules/zone.js/dist/zone.js:391:1)
    at ProxyZoneSpec.push../node_modules/zone.js/dist/zone-testing.js.ProxyZoneSpec.onInvoke (node_modules/zone.js/dist/zone-testing.js:289:1)
</failure>
  </testcase>
  <testcase name="LoginComponent should create" time="0.315" classname="LoginComponent"/>
  <testcase name="Shell childRoutes should create routes as children of shell" time="0.002" classname="Shell"/>
  <testcase name="HttpCacheService getCacheData should return cached data if exists" time="0.007" classname="HttpCacheService"/>
  <testcase name="HttpCacheService getCacheData should return cached data with url parameters if exists" time="0.01" classname="HttpCacheService"/>
  <testcase name="HttpCacheService getCacheData should return null if no cache" time="0.005" classname="HttpCacheService"/>
  <testcase name="HttpCacheService setCacheData should set cache date correctly" time="0.011" classname="HttpCacheService"/>
  <testcase name="HttpCacheService setCacheData should replace existing data" time="0.006" classname="HttpCacheService"/>
  <testcase name="HttpCacheService setCacheData should set cache data" time="0.005" classname="HttpCacheService"/>
  <testcase name="HttpCacheService clearCacheData should clear existing cache data" time="0.008" classname="HttpCacheService"/>
  <testcase name="HttpCacheService clearCacheData should do nothing if no cache exists" time="0.008" classname="HttpCacheService"/>
  <testcase name="HttpCacheService getHttpCacheEntry should return cached data date  if exists" time="0.006" classname="HttpCacheService"/>
  <testcase name="HttpCacheService getHttpCacheEntry should return null if no cache" time="0.005" classname="HttpCacheService"/>
  <testcase name="HttpCacheService setPersistence should clear previous cache data when persistence value change" time="0.006" classname="HttpCacheService"/>
  <testcase name="HttpCacheService setPersistence should persist cache to session storage" time="0.006" classname="HttpCacheService"/>
  <testcase name="HttpCacheService setPersistence should persist cache to local storage" time="0.008" classname="HttpCacheService"/>
  <testcase name="HttpCacheService cleanCache should clear existing since specified date" time="0.006" classname="HttpCacheService"/>
  <testcase name="HttpCacheService cleanCache should clear all cache if no date is specified" time="0.005" classname="HttpCacheService"/>
  <testcase name="HttpCacheService cleanCache should not affect cache entries newer than specified date" time="0.006" classname="HttpCacheService"/>
  <testcase name="untilDestroyed should unsubscribe from anywhere" time="0.002" classname="untilDestroyed"/>
  <testcase name="untilDestroyed should not destroy other instances" time="0.001" classname="untilDestroyed"/>
  <testcase name="untilDestroyed should work with multiple observables" time="0" classname="untilDestroyed"/>
  <testcase name="untilDestroyed should work with subclass" time="0" classname="untilDestroyed"/>
  <testcase name="untilDestroyed should throw when destroy method doesnt exist" time="0" classname="untilDestroyed"/>
  <testcase name="untilDestroyed should not throw when destroy method is implemented on super class" time="0.001" classname="untilDestroyed"/>
  <testcase name="untilDestroyed should work with classes that are not components" time="0" classname="untilDestroyed"/>
  <testcase name="Logger should add a new LogOutput and receives log entries" time="0.001" classname="Logger"/>
  <testcase name="Logger should add a new LogOutput and receives only production log entries" time="0.002" classname="Logger"/>
  <testcase name="Logger should create an instance" time="0.001" classname="Logger"/>
  <testcase name="ErrorHandlerInterceptor should catch error and call error handler" time="0.008" classname="ErrorHandlerInterceptor"/>
  <testcase name="CredentialsService setCredentials should persist credentials across sessions" time="0.006" classname="CredentialsService"/>
  <testcase name="CredentialsService setCredentials should persist credentials for the session" time="0.007" classname="CredentialsService"/>
  <testcase name="CredentialsService setCredentials should clear user authentication" time="0.004" classname="CredentialsService"/>
  <testcase name="CredentialsService setCredentials should authenticate user if credentials are set" time="0.005" classname="CredentialsService"/>
  <testcase name="CredentialsService setCredentials should clean authentication" time="0.004" classname="CredentialsService"/>
  <testcase name="ShowDetailComponent should create" time="0.025" classname="ShowDetailComponent">
    <failure type="">1. If 'ngx-skeleton-loader' is an Angular component and it has 'theme' input, then verify that it is part of this module.
2. If 'ngx-skeleton-loader' is a Web Component then add 'CUSTOM_ELEMENTS_SCHEMA' to the '@NgModule.schemas' of this component to suppress this message.
3. To allow any property add 'NO_ERRORS_SCHEMA' to the '@NgModule.schemas' of this component. ("
        &lt;ngx-skeleton-loader
          count="1"
          [ERROR -&gt;][theme]="{
            'border-radius': '10px',
            height: '50px',
1. If 'ngx-skeleton-loader' is an Angular component, then verify that it is part of this module.
Can't bind to 'theme' since it isn't a known property of 'ngx-skeleton-loader'.
1. If 'ngx-skeleton-loader' is an Angular component and it has 'theme' input, then verify that it is part of this module.
2. If 'ngx-skeleton-loader' is a Web Component then add 'CUSTOM_ELEMENTS_SCHEMA' to the '@NgModule.schemas' of this component to suppress this message.
3. To allow any property add 'NO_ERRORS_SCHEMA' to the '@NgModule.schemas' of this component. ("
        &lt;ngx-skeleton-loader
          count="1"
          [ERROR -&gt;][theme]="{
            'border-radius': '10px',
            height: '50px',
"): ng:///DynamicTestModule/ShowDetailComponent.html@65:10
'ngx-skeleton-loader' is not a known element:
1. If 'ngx-skeleton-loader' is an Angular component, then verify that it is part of this module.
2. If 'ngx-skeleton-loader' is a Web Component then add 'CUSTOM_ELEMENTS_SCHEMA' to the '@NgModule.schemas' of this component to suppress this message. ("
    &lt;div class="row"&gt;
      &lt;div class="col-12"&gt;
        [ERROR -&gt;]&lt;ngx-skeleton-loader
          count="1"
          [theme]="{
"): ng:///DynamicTestModule/ShowDetailComponent.html@63:8
Can't bind to 'theme' since it isn't a known property of 'ngx-skeleton-loader'.
1. If 'ngx-skeleton-loader' is an Angular component and it has 'theme' input, then verify that it is part of this module.
2. If 'ngx-skeleton-loader' is a Web Component then add 'CUSTOM_ELEMENTS_SCHEMA' to the '@NgModule.schemas' of this component to suppress this message.
3. To allow any property add 'NO_ERRORS_SCHEMA' to the '@NgModule.schemas' of this component. ("
        &lt;ngx-skeleton-loader
          count="1"
          [ERROR -&gt;][theme]="{
            'border-radius': '10px',
            height: '27px',
"): ng:///DynamicTestModule/ShowDetailComponent.html@74:10
'ngx-skeleton-loader' is not a known element:
1. If 'ngx-skeleton-loader' is an Angular component, then verify that it is part of this module.
2. If 'ngx-skeleton-loader' is a Web Component then add 'CUSTOM_ELEMENTS_SCHEMA' to the '@NgModule.schemas' of this component to suppress this message. ("
        &gt;&lt;/ngx-skeleton-loader
        &gt;&lt;br /&gt;
        [ERROR -&gt;]&lt;ngx-skeleton-loader
          count="1"
          [theme]="{
"): ng:///DynamicTestModule/ShowDetailComponent.html@72:8
Can't bind to 'theme' since it isn't a known property of 'ngx-skeleton-loader'.
1. If 'ngx-skeleton-loader' is an Angular component and it has 'theme' input, then verify that it is part of this module.
2. If 'ngx-skeleton-loader' is a Web Component then add 'CUSTOM_ELEMENTS_SCHEMA' to the '@NgModule.schemas' of this component to suppress this message.
3. To allow any property add 'NO_ERRORS_SCHEMA' to the '@NgModule.schemas' of this component. ("
            &lt;ngx-skeleton-loader
              count="4"
              [ERROR -&gt;][theme]="{
                'border-radius': '10',
                height: '10px',
"): ng:///DynamicTestModule/ShowDetailComponent.html@93:14
'ngx-skeleton-loader' is not a known element:
1. If 'ngx-skeleton-loader' is an Angular component, then verify that it is part of this module.
2. If 'ngx-skeleton-loader' is a Web Component then add 'CUSTOM_ELEMENTS_SCHEMA' to the '@NgModule.schemas' of this component to suppress this message. ("
        &lt;div&gt;
          &lt;p&gt;
            [ERROR -&gt;]&lt;ngx-skeleton-loader
              count="4"
              [theme]="{
"): ng:///DynamicTestModule/ShowDetailComponent.html@91:12
error properties: Object({ ngSyntaxError: true, ngParseErrors: [ Can't bind to 'theme' since it isn't a known property of 'ngx-skeleton-loader'.
"): ng:///DynamicTestModule/ShowDetailComponent.html@65:10, 'ngx-skeleton-loader' is not a known element:
2. If 'ngx-skeleton-loader' is a Web Component then add 'CUSTOM_ELEMENTS_SCHEMA' to the '@NgModule.schemas' of this component to suppress this message ...
Error: Template parse errors:
    at syntaxError (node_modules/@angular/compiler/fesm5/compiler.js:2430:1)
    at TemplateParser.push../node_modules/@angular/compiler/fesm5/compiler.js.TemplateParser.parse (node_modules/@angular/compiler/fesm5/compiler.js:20605:1)
    at JitCompiler.push../node_modules/@angular/compiler/fesm5/compiler.js.JitCompiler._parseTemplate (node_modules/@angular/compiler/fesm5/compiler.js:26171:1)
    at JitCompiler.push../node_modules/@angular/compiler/fesm5/compiler.js.JitCompiler._compileTemplate (node_modules/@angular/compiler/fesm5/compiler.js:26158:1)
    at node_modules/@angular/compiler/fesm5/compiler.js:26101:48
    at &lt;Jasmine&gt;
    at JitCompiler.push../node_modules/@angular/compiler/fesm5/compiler.js.JitCompiler._compileComponents (node_modules/@angular/compiler/fesm5/compiler.js:26101:1)
    at node_modules/@angular/compiler/fesm5/compiler.js:26019:1
    at Object.then (node_modules/@angular/compiler/fesm5/compiler.js:2421:33)
    at JitCompiler.push../node_modules/@angular/compiler/fesm5/compiler.js.JitCompiler._compileModuleAndAllComponents (node_modules/@angular/compiler/fesm5/compiler.js:26017:1)
</failure>
    <failure type="">1. If 'ngx-skeleton-loader' is an Angular component and it has 'theme' input, then verify that it is part of this module.
2. If 'ngx-skeleton-loader' is a Web Component then add 'CUSTOM_ELEMENTS_SCHEMA' to the '@NgModule.schemas' of this component to suppress this message.
3. To allow any property add 'NO_ERRORS_SCHEMA' to the '@NgModule.schemas' of this component. ("
        &lt;ngx-skeleton-loader
          count="1"
          [ERROR -&gt;][theme]="{
            'border-radius': '10px',
            height: '50px',
1. If 'ngx-skeleton-loader' is an Angular component, then verify that it is part of this module.
Error: Template parse errors:
Can't bind to 'theme' since it isn't a known property of 'ngx-skeleton-loader'.
1. If 'ngx-skeleton-loader' is an Angular component and it has 'theme' input, then verify that it is part of this module.
2. If 'ngx-skeleton-loader' is a Web Component then add 'CUSTOM_ELEMENTS_SCHEMA' to the '@NgModule.schemas' of this component to suppress this message.
3. To allow any property add 'NO_ERRORS_SCHEMA' to the '@NgModule.schemas' of this component. ("
        &lt;ngx-skeleton-loader
          count="1"
          [ERROR -&gt;][theme]="{
            'border-radius': '10px',
            height: '50px',
"): ng:///DynamicTestModule/ShowDetailComponent.html@65:10
'ngx-skeleton-loader' is not a known element:
1. If 'ngx-skeleton-loader' is an Angular component, then verify that it is part of this module.
2. If 'ngx-skeleton-loader' is a Web Component then add 'CUSTOM_ELEMENTS_SCHEMA' to the '@NgModule.schemas' of this component to suppress this message. ("
    &lt;div class="row"&gt;
      &lt;div class="col-12"&gt;
        [ERROR -&gt;]&lt;ngx-skeleton-loader
          count="1"
          [theme]="{
"): ng:///DynamicTestModule/ShowDetailComponent.html@63:8
Can't bind to 'theme' since it isn't a known property of 'ngx-skeleton-loader'.
1. If 'ngx-skeleton-loader' is an Angular component and it has 'theme' input, then verify that it is part of this module.
2. If 'ngx-skeleton-loader' is a Web Component then add 'CUSTOM_ELEMENTS_SCHEMA' to the '@NgModule.schemas' of this component to suppress this message.
3. To allow any property add 'NO_ERRORS_SCHEMA' to the '@NgModule.schemas' of this component. ("
        &lt;ngx-skeleton-loader
          count="1"
          [ERROR -&gt;][theme]="{
            'border-radius': '10px',
            height: '27px',
"): ng:///DynamicTestModule/ShowDetailComponent.html@74:10
'ngx-skeleton-loader' is not a known element:
1. If 'ngx-skeleton-loader' is an Angular component, then verify that it is part of this module.
2. If 'ngx-skeleton-loader' is a Web Component then add 'CUSTOM_ELEMENTS_SCHEMA' to the '@NgModule.schemas' of this component to suppress this message. ("
        &gt;&lt;/ngx-skeleton-loader
        &gt;&lt;br /&gt;
        [ERROR -&gt;]&lt;ngx-skeleton-loader
          count="1"
          [theme]="{
"): ng:///DynamicTestModule/ShowDetailComponent.html@72:8
Can't bind to 'theme' since it isn't a known property of 'ngx-skeleton-loader'.
1. If 'ngx-skeleton-loader' is an Angular component and it has 'theme' input, then verify that it is part of this module.
2. If 'ngx-skeleton-loader' is a Web Component then add 'CUSTOM_ELEMENTS_SCHEMA' to the '@NgModule.schemas' of this component to suppress this message.
3. To allow any property add 'NO_ERRORS_SCHEMA' to the '@NgModule.schemas' of this component. ("
            &lt;ngx-skeleton-loader
              count="4"
              [ERROR -&gt;][theme]="{
                'border-radius': '10',
                height: '10px',
"): ng:///DynamicTestModule/ShowDetailComponent.html@93:14
'ngx-skeleton-loader' is not a known element:
1. If 'ngx-skeleton-loader' is an Angular component, then verify that it is part of this module.
2. If 'ngx-skeleton-loader' is a Web Component then add 'CUSTOM_ELEMENTS_SCHEMA' to the '@NgModule.schemas' of this component to suppress this message. ("
        &lt;div&gt;
          &lt;p&gt;
            [ERROR -&gt;]&lt;ngx-skeleton-loader
              count="4"
              [theme]="{
"): ng:///DynamicTestModule/ShowDetailComponent.html@91:12
error properties: Object({ ngSyntaxError: true, ngParseErrors: [ Can't bind to 'theme' since it isn't a known property of 'ngx-skeleton-loader'.
"): ng:///DynamicTestModule/ShowDetailComponent.html@65:10, 'ngx-skeleton-loader' is not a known element:
2. If 'ngx-skeleton-loader' is a Web Component then add 'CUSTOM_ELEMENTS_SCHEMA' to the '@NgModule.schemas' of this component to suppress this message ...
    at syntaxError (node_modules/@angular/compiler/fesm5/compiler.js:2430:1)
    at TemplateParser.push../node_modules/@angular/compiler/fesm5/compiler.js.TemplateParser.parse (node_modules/@angular/compiler/fesm5/compiler.js:20605:1)
    at JitCompiler.push../node_modules/@angular/compiler/fesm5/compiler.js.JitCompiler._parseTemplate (node_modules/@angular/compiler/fesm5/compiler.js:26171:1)
    at JitCompiler.push../node_modules/@angular/compiler/fesm5/compiler.js.JitCompiler._compileTemplate (node_modules/@angular/compiler/fesm5/compiler.js:26158:1)
    at node_modules/@angular/compiler/fesm5/compiler.js:26101:48
    at &lt;Jasmine&gt;
    at JitCompiler.push../node_modules/@angular/compiler/fesm5/compiler.js.JitCompiler._compileComponents (node_modules/@angular/compiler/fesm5/compiler.js:26101:1)
    at node_modules/@angular/compiler/fesm5/compiler.js:26019:1
    at Object.then (node_modules/@angular/compiler/fesm5/compiler.js:2421:33)
    at JitCompiler.push../node_modules/@angular/compiler/fesm5/compiler.js.JitCompiler._compileModuleAndAllComponents (node_modules/@angular/compiler/fesm5/compiler.js:26017:1)
</failure>
    <failure type="">Error: Expected undefined to be truthy.
    at &lt;Jasmine&gt;
    at UserContext.&lt;anonymous&gt; (src/app/show-detail/show-detail.component.spec.ts:22:23)
    at ZoneDelegate../node_modules/zone.js/dist/zone.js.ZoneDelegate.invoke (node_modules/zone.js/dist/zone.js:391:1)
    at ProxyZoneSpec.push../node_modules/zone.js/dist/zone-testing.js.ProxyZoneSpec.onInvoke (node_modules/zone.js/dist/zone-testing.js:289:1)
</failure>
  </testcase>
  <testcase name="ScheduleComponent should create" time="0.036" classname="ScheduleComponent">
    <failure type="">1. If 'app-loader' is an Angular component and it has 'isLoading' input, then verify that it is part of this module.
2. If 'app-loader' is a Web Component then add 'CUSTOM_ELEMENTS_SCHEMA' to the '@NgModule.schemas' of this component to suppress this message.
3. To allow any property add 'NO_ERRORS_SCHEMA' to the '@NgModule.schemas' of this component. ("
    &lt;/div&gt;
  &lt;/div&gt;
  &lt;app-loader [ERROR -&gt;][isLoading]="isLoading"&gt;&lt;/app-loader&gt;
  &lt;div [hidden]="isLoading" class="row"&gt;
1. If 'app-loader' is an Angular component, then verify that it is part of this module.
2. If 'app-loader' is a Web Component then add 'CUSTOM_ELEMENTS_SCHEMA' to the '@NgModule.schemas' of this component to suppress this message. ("
    &lt;/div&gt;
  &lt;/div&gt;
Can't bind to 'isLoading' since it isn't a known property of 'app-loader'.
1. If 'app-loader' is an Angular component and it has 'isLoading' input, then verify that it is part of this module.
2. If 'app-loader' is a Web Component then add 'CUSTOM_ELEMENTS_SCHEMA' to the '@NgModule.schemas' of this component to suppress this message.
3. To allow any property add 'NO_ERRORS_SCHEMA' to the '@NgModule.schemas' of this component. ("
    &lt;/div&gt;
  &lt;/div&gt;
  &lt;app-loader [ERROR -&gt;][isLoading]="isLoading"&gt;&lt;/app-loader&gt;
  &lt;div [hidden]="isLoading" class="row"&gt;
    &lt;div class="col-12"): ng:///DynamicTestModule/ScheduleComponent.html@6:14
'app-loader' is not a known element:
1. If 'app-loader' is an Angular component, then verify that it is part of this module.
2. If 'app-loader' is a Web Component then add 'CUSTOM_ELEMENTS_SCHEMA' to the '@NgModule.schemas' of this component to suppress this message. ("
    &lt;/div&gt;
  &lt;/div&gt;
  [ERROR -&gt;]&lt;app-loader [isLoading]="isLoading"&gt;&lt;/app-loader&gt;
  &lt;div [hidden]="isLoading" class="row"&gt;
    &lt;div c"): ng:///DynamicTestModule/ScheduleComponent.html@6:2
The pipe 'dateFormat' could not be found ("          &lt;div *ngFor="let show of schedule?.monday"&gt;
            {{ show?.starts | dateFormat: 'HH:[ERROR -&gt;]mm' }} -
            {{ show?.ends | dateFormat: 'HH:mm' }} {{ show?.name | safeHtml }}
          &lt;/d"): ng:///DynamicTestModule/ScheduleComponent.html@15:46
The pipe 'safeHtml' could not be found ("dule?.monday"&gt;
            {{ show?.starts | dateFormat: 'HH:mm' }} -
            {{ show?.ends | da[ERROR -&gt;]teFormat: 'HH:mm' }} {{ show?.name | safeHtml }}
          &lt;/div&gt;
        &lt;/div&gt;
"): ng:///DynamicTestModule/ScheduleComponent.html@16:30
The pipe 'dateFormat' could not be found ("         &lt;div *ngFor="let show of schedule?.tuesday"&gt;
            {{ show?.starts | dateFormat: 'HH:[ERROR -&gt;]mm' }} -
            {{ show?.ends | dateFormat: 'HH:mm' }} {{ show?.name | safeHtml }}
          &lt;/d"): ng:///DynamicTestModule/ScheduleComponent.html@23:46
The pipe 'safeHtml' could not be found ("ule?.tuesday"&gt;
            {{ show?.starts | dateFormat: 'HH:mm' }} -
            {{ show?.ends | da[ERROR -&gt;]teFormat: 'HH:mm' }} {{ show?.name | safeHtml }}
          &lt;/div&gt;
        &lt;/div&gt;
"): ng:///DynamicTestModule/ScheduleComponent.html@24:30
The pipe 'dateFormat' could not be found ("       &lt;div *ngFor="let show of schedule?.wednesday"&gt;
            {{ show?.starts | dateFormat: 'HH:[ERROR -&gt;]mm' }} -
            {{ show?.ends | dateFormat: 'HH:mm' }} {{ show?.name | safeHtml }}
          &lt;/d"): ng:///DynamicTestModule/ScheduleComponent.html@31:46
The pipe 'safeHtml' could not be found ("e?.wednesday"&gt;
            {{ show?.starts | dateFormat: 'HH:mm' }} -
            {{ show?.ends | da[ERROR -&gt;]teFormat: 'HH:mm' }} {{ show?.name | safeHtml }}
          &lt;/div&gt;
        &lt;/div&gt;
"): ng:///DynamicTestModule/ScheduleComponent.html@32:30
The pipe 'dateFormat' could not be found ("        &lt;div *ngFor="let show of schedule?.thursday"&gt;
            {{ show?.starts | dateFormat: 'HH:[ERROR -&gt;]mm' }} -
            {{ show?.ends | dateFormat: 'HH:mm' }} {{ show?.name | safeHtml }}
          &lt;/d"): ng:///DynamicTestModule/ScheduleComponent.html@39:46
The pipe 'safeHtml' could not be found ("le?.thursday"&gt;
            {{ show?.starts | dateFormat: 'HH:mm' }} -
            {{ show?.ends | da[ERROR -&gt;]teFormat: 'HH:mm' }} {{ show?.name | safeHtml }}
          &lt;/div&gt;
        &lt;/div&gt;
"): ng:///DynamicTestModule/ScheduleComponent.html@40:30
The pipe 'dateFormat' could not be found ("          &lt;div *ngFor="let show of schedule?.friday"&gt;
            {{ show?.starts | dateFormat: 'HH:[ERROR -&gt;]mm' }} -
            {{ show?.ends | dateFormat: 'HH:mm' }} {{ show?.name | safeHtml }}
          &lt;/d"): ng:///DynamicTestModule/ScheduleComponent.html@47:46
The pipe 'safeHtml' could not be found ("dule?.friday"&gt;
            {{ show?.starts | dateFormat: 'HH:mm' }} -
            {{ show?.ends | da[ERROR -&gt;]teFormat: 'HH:mm' }} {{ show?.name | safeHtml }}
          &lt;/div&gt;
        &lt;/div&gt;
"): ng:///DynamicTestModule/ScheduleComponent.html@48:30
The pipe 'dateFormat' could not be found ("        &lt;div *ngFor="let show of schedule?.saturday"&gt;
            {{ show?.starts | dateFormat: 'HH:[ERROR -&gt;]mm' }} -
            {{ show?.ends | dateFormat: 'HH:mm' }} {{ show?.name | safeHtml }}
          &lt;/d"): ng:///DynamicTestModule/ScheduleComponent.html@55:46
The pipe 'safeHtml' could not be found ("le?.saturday"&gt;
            {{ show?.starts | dateFormat: 'HH:mm' }} -
            {{ show?.ends | da[ERROR -&gt;]teFormat: 'HH:mm' }} {{ show?.name | safeHtml }}
          &lt;/div&gt;
        &lt;/div&gt;
"): ng:///DynamicTestModule/ScheduleComponent.html@56:30
The pipe 'dateFormat' could not be found ("          &lt;div *ngFor="let show of schedule?.sunday"&gt;
            {{ show?.starts | dateFormat: 'HH:[ERROR -&gt;]mm' }} -
            {{ show?.ends | dateFormat: 'HH:mm' }} {{ show?.name | safeHtml }}
          &lt;/d"): ng:///DynamicTestModule/ScheduleComponent.html@63:46
The pipe 'safeHtml' could not be found ("dule?.sunday"&gt;
            {{ show?.starts | dateFormat: 'HH:mm' }} -
            {{ show?.ends | da[ERROR -&gt;]teFormat: 'HH:mm' }} {{ show?.name | safeHtml }}
          &lt;/div&gt;
        &lt;/div&gt;
"): ng:///DynamicTestModule/ScheduleComponent.html@64:30
The pipe 'dateFormat' could not be found ("      &lt;div *ngFor="let show of schedule?.nextmonday"&gt;
            {{ show?.starts | dateFormat: 'HH:[ERROR -&gt;]mm' }} -
            {{ show?.ends | dateFormat: 'HH:mm' }} {{ show?.name | safeHtml }}
          &lt;/d"): ng:///DynamicTestModule/ScheduleComponent.html@76:46
The pipe 'safeHtml' could not be found ("?.nextmonday"&gt;
            {{ show?.starts | dateFormat: 'HH:mm' }} -
            {{ show?.ends | da[ERROR -&gt;]teFormat: 'HH:mm' }} {{ show?.name | safeHtml }}
          &lt;/div&gt;
        &lt;/div&gt;
"): ng:///DynamicTestModule/ScheduleComponent.html@77:30
The pipe 'dateFormat' could not be found ("     &lt;div *ngFor="let show of schedule?.nexttuesday"&gt;
            {{ show?.starts | dateFormat: 'HH:[ERROR -&gt;]mm' }} -
            {{ show?.ends | dateFormat: 'HH:mm' }} {{ show?.name | safeHtml }}
          &lt;/d"): ng:///DynamicTestModule/ScheduleComponent.html@84:46
The pipe 'safeHtml' could not be found (".nexttuesday"&gt;
            {{ show?.starts | dateFormat: 'HH:mm' }} -
            {{ show?.ends | da[ERROR -&gt;]teFormat: 'HH:mm' }} {{ show?.name | safeHtml }}
          &lt;/div&gt;
        &lt;/div&gt;
"): ng:///DynamicTestModule/ScheduleComponent.html@85:30
The pipe 'dateFormat' could not be found ("   &lt;div *ngFor="let show of schedule?.nextwednesday"&gt;
            {{ show?.starts | dateFormat: 'HH:[ERROR -&gt;]mm' }} -
            {{ show?.ends | dateFormat: 'HH:mm' }} {{ show?.name | safeHtml }}
          &lt;/d"): ng:///DynamicTestModule/ScheduleComponent.html@92:46
The pipe 'safeHtml' could not be found ("extwednesday"&gt;
            {{ show?.starts | dateFormat: 'HH:mm' }} -
            {{ show?.ends | da[ERROR -&gt;]teFormat: 'HH:mm' }} {{ show?.name | safeHtml }}
          &lt;/div&gt;
        &lt;/div&gt;
"): ng:///DynamicTestModule/ScheduleComponent.html@93:30
The pipe 'dateFormat' could not be found ("    &lt;div *ngFor="let show of schedule?.nextthursday"&gt;
            {{ show?.starts | dateFormat: 'HH:[ERROR -&gt;]mm' }} -
            {{ show?.ends | dateFormat: 'HH:mm' }} {{ show?.name | safeHtml }}
          &lt;/d"): ng:///DynamicTestModule/ScheduleComponent.html@100:46
The pipe 'safeHtml' could not be found ("nextthursday"&gt;
            {{ show?.starts | dateFormat: 'HH:mm' }} -
            {{ show?.ends | da[ERROR -&gt;]teFormat: 'HH:mm' }} {{ show?.name | safeHtml }}
          &lt;/div&gt;
        &lt;/div&gt;
"): ng:///DynamicTestModule/ScheduleComponent.html@101:30
The pipe 'dateFormat' could not be found ("      &lt;div *ngFor="let show of schedule?.nextfriday"&gt;
            {{ show?.starts | dateFormat: 'HH:[ERROR -&gt;]mm' }} -
            {{ show?.ends | dateFormat: 'HH:mm' }} {{ show?.name | safeHtml }}
          &lt;/d"): ng:///DynamicTestModule/ScheduleComponent.html@108:46
The pipe 'safeHtml' could not be found ("?.nextfriday"&gt;
            {{ show?.starts | dateFormat: 'HH:mm' }} -
            {{ show?.ends | da[ERROR -&gt;]teFormat: 'HH:mm' }} {{ show?.name | safeHtml }}
          &lt;/div&gt;
        &lt;/div&gt;
"): ng:///DynamicTestModule/ScheduleComponent.html@109:30
The pipe 'dateFormat' could not be found ("    &lt;div *ngFor="let show of schedule?.nextsaturday"&gt;
            {{ show?.starts | dateFormat: 'HH:[ERROR -&gt;]mm' }} -
            {{ show?.ends | dateFormat: 'HH:mm' }} {{ show?.name | safeHtml }}
          &lt;/d"): ng:///DynamicTestModule/ScheduleComponent.html@116:46
The pipe 'safeHtml' could not be found ("nextsaturday"&gt;
            {{ show?.starts | dateFormat: 'HH:mm' }} -
            {{ show?.ends | da[ERROR -&gt;]teFormat: 'HH:mm' }} {{ show?.name | safeHtml }}
          &lt;/div&gt;
        &lt;/div&gt;
"): ng:///DynamicTestModule/ScheduleComponent.html@117:30
The pipe 'dateFormat' could not be found ("      &lt;div *ngFor="let show of schedule?.nextsunday"&gt;
            {{ show?.starts | dateFormat: 'HH:[ERROR -&gt;]mm' }} -
            {{ show?.ends | dateFormat: 'HH:mm' }} {{ show?.name | safeHtml }}
          &lt;/d"): ng:///DynamicTestModule/ScheduleComponent.html@124:46
The pipe 'safeHtml' could not be found ("?.nextsunday"&gt;
            {{ show?.starts | dateFormat: 'HH:mm' }} -
            {{ show?.ends | da[ERROR -&gt;]teFormat: 'HH:mm' }} {{ show?.name | safeHtml }}
          &lt;/div&gt;
        &lt;/div&gt;
"): ng:///DynamicTestModule/ScheduleComponent.html@125:30
error properties: Object({ ngSyntaxError: true, ngParseErrors: [ Can't bind to 'isLoading' since it isn't a known property of 'app-loader'.
    &lt;div class="col-12"): ng:///DynamicTestModule/ScheduleComponent.html@6:14, 'app-loader' is not a known element:
  [ERROR -&gt;]&lt;app-loader  ...
Error: Template parse errors:
    at syntaxError (node_modules/@angular/compiler/fesm5/compiler.js:2430:1)
    at TemplateParser.push../node_modules/@angular/compiler/fesm5/compiler.js.TemplateParser.parse (node_modules/@angular/compiler/fesm5/compiler.js:20605:1)
    at JitCompiler.push../node_modules/@angular/compiler/fesm5/compiler.js.JitCompiler._parseTemplate (node_modules/@angular/compiler/fesm5/compiler.js:26171:1)
    at JitCompiler.push../node_modules/@angular/compiler/fesm5/compiler.js.JitCompiler._compileTemplate (node_modules/@angular/compiler/fesm5/compiler.js:26158:1)
    at node_modules/@angular/compiler/fesm5/compiler.js:26101:48
    at &lt;Jasmine&gt;
    at JitCompiler.push../node_modules/@angular/compiler/fesm5/compiler.js.JitCompiler._compileComponents (node_modules/@angular/compiler/fesm5/compiler.js:26101:1)
    at node_modules/@angular/compiler/fesm5/compiler.js:26019:1
    at Object.then (node_modules/@angular/compiler/fesm5/compiler.js:2421:33)
    at JitCompiler.push../node_modules/@angular/compiler/fesm5/compiler.js.JitCompiler._compileModuleAndAllComponents (node_modules/@angular/compiler/fesm5/compiler.js:26017:1)
</failure>
    <failure type="">1. If 'app-loader' is an Angular component and it has 'isLoading' input, then verify that it is part of this module.
2. If 'app-loader' is a Web Component then add 'CUSTOM_ELEMENTS_SCHEMA' to the '@NgModule.schemas' of this component to suppress this message.
3. To allow any property add 'NO_ERRORS_SCHEMA' to the '@NgModule.schemas' of this component. ("
    &lt;/div&gt;
  &lt;/div&gt;
  &lt;app-loader [ERROR -&gt;][isLoading]="isLoading"&gt;&lt;/app-loader&gt;
  &lt;div [hidden]="isLoading" class="row"&gt;
1. If 'app-loader' is an Angular component, then verify that it is part of this module.
2. If 'app-loader' is a Web Component then add 'CUSTOM_ELEMENTS_SCHEMA' to the '@NgModule.schemas' of this component to suppress this message. ("
    &lt;/div&gt;
  &lt;/div&gt;
Error: Template parse errors:
Can't bind to 'isLoading' since it isn't a known property of 'app-loader'.
1. If 'app-loader' is an Angular component and it has 'isLoading' input, then verify that it is part of this module.
2. If 'app-loader' is a Web Component then add 'CUSTOM_ELEMENTS_SCHEMA' to the '@NgModule.schemas' of this component to suppress this message.
3. To allow any property add 'NO_ERRORS_SCHEMA' to the '@NgModule.schemas' of this component. ("
    &lt;/div&gt;
  &lt;/div&gt;
  &lt;app-loader [ERROR -&gt;][isLoading]="isLoading"&gt;&lt;/app-loader&gt;
  &lt;div [hidden]="isLoading" class="row"&gt;
    &lt;div class="col-12"): ng:///DynamicTestModule/ScheduleComponent.html@6:14
'app-loader' is not a known element:
1. If 'app-loader' is an Angular component, then verify that it is part of this module.
2. If 'app-loader' is a Web Component then add 'CUSTOM_ELEMENTS_SCHEMA' to the '@NgModule.schemas' of this component to suppress this message. ("
    &lt;/div&gt;
  &lt;/div&gt;
  [ERROR -&gt;]&lt;app-loader [isLoading]="isLoading"&gt;&lt;/app-loader&gt;
  &lt;div [hidden]="isLoading" class="row"&gt;
    &lt;div c"): ng:///DynamicTestModule/ScheduleComponent.html@6:2
The pipe 'dateFormat' could not be found ("          &lt;div *ngFor="let show of schedule?.monday"&gt;
            {{ show?.starts | dateFormat: 'HH:[ERROR -&gt;]mm' }} -
            {{ show?.ends | dateFormat: 'HH:mm' }} {{ show?.name | safeHtml }}
          &lt;/d"): ng:///DynamicTestModule/ScheduleComponent.html@15:46
The pipe 'safeHtml' could not be found ("dule?.monday"&gt;
            {{ show?.starts | dateFormat: 'HH:mm' }} -
            {{ show?.ends | da[ERROR -&gt;]teFormat: 'HH:mm' }} {{ show?.name | safeHtml }}
          &lt;/div&gt;
        &lt;/div&gt;
"): ng:///DynamicTestModule/ScheduleComponent.html@16:30
The pipe 'dateFormat' could not be found ("         &lt;div *ngFor="let show of schedule?.tuesday"&gt;
            {{ show?.starts | dateFormat: 'HH:[ERROR -&gt;]mm' }} -
            {{ show?.ends | dateFormat: 'HH:mm' }} {{ show?.name | safeHtml }}
          &lt;/d"): ng:///DynamicTestModule/ScheduleComponent.html@23:46
The pipe 'safeHtml' could not be found ("ule?.tuesday"&gt;
            {{ show?.starts | dateFormat: 'HH:mm' }} -
            {{ show?.ends | da[ERROR -&gt;]teFormat: 'HH:mm' }} {{ show?.name | safeHtml }}
          &lt;/div&gt;
        &lt;/div&gt;
"): ng:///DynamicTestModule/ScheduleComponent.html@24:30
The pipe 'dateFormat' could not be found ("       &lt;div *ngFor="let show of schedule?.wednesday"&gt;
            {{ show?.starts | dateFormat: 'HH:[ERROR -&gt;]mm' }} -
            {{ show?.ends | dateFormat: 'HH:mm' }} {{ show?.name | safeHtml }}
          &lt;/d"): ng:///DynamicTestModule/ScheduleComponent.html@31:46
The pipe 'safeHtml' could not be found ("e?.wednesday"&gt;
            {{ show?.starts | dateFormat: 'HH:mm' }} -
            {{ show?.ends | da[ERROR -&gt;]teFormat: 'HH:mm' }} {{ show?.name | safeHtml }}
          &lt;/div&gt;
        &lt;/div&gt;
"): ng:///DynamicTestModule/ScheduleComponent.html@32:30
The pipe 'dateFormat' could not be found ("        &lt;div *ngFor="let show of schedule?.thursday"&gt;
            {{ show?.starts | dateFormat: 'HH:[ERROR -&gt;]mm' }} -
            {{ show?.ends | dateFormat: 'HH:mm' }} {{ show?.name | safeHtml }}
          &lt;/d"): ng:///DynamicTestModule/ScheduleComponent.html@39:46
The pipe 'safeHtml' could not be found ("le?.thursday"&gt;
            {{ show?.starts | dateFormat: 'HH:mm' }} -
            {{ show?.ends | da[ERROR -&gt;]teFormat: 'HH:mm' }} {{ show?.name | safeHtml }}
          &lt;/div&gt;
        &lt;/div&gt;
"): ng:///DynamicTestModule/ScheduleComponent.html@40:30
The pipe 'dateFormat' could not be found ("          &lt;div *ngFor="let show of schedule?.friday"&gt;
            {{ show?.starts | dateFormat: 'HH:[ERROR -&gt;]mm' }} -
            {{ show?.ends | dateFormat: 'HH:mm' }} {{ show?.name | safeHtml }}
          &lt;/d"): ng:///DynamicTestModule/ScheduleComponent.html@47:46
The pipe 'safeHtml' could not be found ("dule?.friday"&gt;
            {{ show?.starts | dateFormat: 'HH:mm' }} -
            {{ show?.ends | da[ERROR -&gt;]teFormat: 'HH:mm' }} {{ show?.name | safeHtml }}
          &lt;/div&gt;
        &lt;/div&gt;
"): ng:///DynamicTestModule/ScheduleComponent.html@48:30
The pipe 'dateFormat' could not be found ("        &lt;div *ngFor="let show of schedule?.saturday"&gt;
            {{ show?.starts | dateFormat: 'HH:[ERROR -&gt;]mm' }} -
            {{ show?.ends | dateFormat: 'HH:mm' }} {{ show?.name | safeHtml }}
          &lt;/d"): ng:///DynamicTestModule/ScheduleComponent.html@55:46
The pipe 'safeHtml' could not be found ("le?.saturday"&gt;
            {{ show?.starts | dateFormat: 'HH:mm' }} -
            {{ show?.ends | da[ERROR -&gt;]teFormat: 'HH:mm' }} {{ show?.name | safeHtml }}
          &lt;/div&gt;
        &lt;/div&gt;
"): ng:///DynamicTestModule/ScheduleComponent.html@56:30
The pipe 'dateFormat' could not be found ("          &lt;div *ngFor="let show of schedule?.sunday"&gt;
            {{ show?.starts | dateFormat: 'HH:[ERROR -&gt;]mm' }} -
            {{ show?.ends | dateFormat: 'HH:mm' }} {{ show?.name | safeHtml }}
          &lt;/d"): ng:///DynamicTestModule/ScheduleComponent.html@63:46
The pipe 'safeHtml' could not be found ("dule?.sunday"&gt;
            {{ show?.starts | dateFormat: 'HH:mm' }} -
            {{ show?.ends | da[ERROR -&gt;]teFormat: 'HH:mm' }} {{ show?.name | safeHtml }}
          &lt;/div&gt;
        &lt;/div&gt;
"): ng:///DynamicTestModule/ScheduleComponent.html@64:30
The pipe 'dateFormat' could not be found ("      &lt;div *ngFor="let show of schedule?.nextmonday"&gt;
            {{ show?.starts | dateFormat: 'HH:[ERROR -&gt;]mm' }} -
            {{ show?.ends | dateFormat: 'HH:mm' }} {{ show?.name | safeHtml }}
          &lt;/d"): ng:///DynamicTestModule/ScheduleComponent.html@76:46
The pipe 'safeHtml' could not be found ("?.nextmonday"&gt;
            {{ show?.starts | dateFormat: 'HH:mm' }} -
            {{ show?.ends | da[ERROR -&gt;]teFormat: 'HH:mm' }} {{ show?.name | safeHtml }}
          &lt;/div&gt;
        &lt;/div&gt;
"): ng:///DynamicTestModule/ScheduleComponent.html@77:30
The pipe 'dateFormat' could not be found ("     &lt;div *ngFor="let show of schedule?.nexttuesday"&gt;
            {{ show?.starts | dateFormat: 'HH:[ERROR -&gt;]mm' }} -
            {{ show?.ends | dateFormat: 'HH:mm' }} {{ show?.name | safeHtml }}
          &lt;/d"): ng:///DynamicTestModule/ScheduleComponent.html@84:46
The pipe 'safeHtml' could not be found (".nexttuesday"&gt;
            {{ show?.starts | dateFormat: 'HH:mm' }} -
            {{ show?.ends | da[ERROR -&gt;]teFormat: 'HH:mm' }} {{ show?.name | safeHtml }}
          &lt;/div&gt;
        &lt;/div&gt;
"): ng:///DynamicTestModule/ScheduleComponent.html@85:30
The pipe 'dateFormat' could not be found ("   &lt;div *ngFor="let show of schedule?.nextwednesday"&gt;
            {{ show?.starts | dateFormat: 'HH:[ERROR -&gt;]mm' }} -
            {{ show?.ends | dateFormat: 'HH:mm' }} {{ show?.name | safeHtml }}
          &lt;/d"): ng:///DynamicTestModule/ScheduleComponent.html@92:46
The pipe 'safeHtml' could not be found ("extwednesday"&gt;
            {{ show?.starts | dateFormat: 'HH:mm' }} -
            {{ show?.ends | da[ERROR -&gt;]teFormat: 'HH:mm' }} {{ show?.name | safeHtml }}
          &lt;/div&gt;
        &lt;/div&gt;
"): ng:///DynamicTestModule/ScheduleComponent.html@93:30
The pipe 'dateFormat' could not be found ("    &lt;div *ngFor="let show of schedule?.nextthursday"&gt;
            {{ show?.starts | dateFormat: 'HH:[ERROR -&gt;]mm' }} -
            {{ show?.ends | dateFormat: 'HH:mm' }} {{ show?.name | safeHtml }}
          &lt;/d"): ng:///DynamicTestModule/ScheduleComponent.html@100:46
The pipe 'safeHtml' could not be found ("nextthursday"&gt;
            {{ show?.starts | dateFormat: 'HH:mm' }} -
            {{ show?.ends | da[ERROR -&gt;]teFormat: 'HH:mm' }} {{ show?.name | safeHtml }}
          &lt;/div&gt;
        &lt;/div&gt;
"): ng:///DynamicTestModule/ScheduleComponent.html@101:30
The pipe 'dateFormat' could not be found ("      &lt;div *ngFor="let show of schedule?.nextfriday"&gt;
            {{ show?.starts | dateFormat: 'HH:[ERROR -&gt;]mm' }} -
            {{ show?.ends | dateFormat: 'HH:mm' }} {{ show?.name | safeHtml }}
          &lt;/d"): ng:///DynamicTestModule/ScheduleComponent.html@108:46
The pipe 'safeHtml' could not be found ("?.nextfriday"&gt;
            {{ show?.starts | dateFormat: 'HH:mm' }} -
            {{ show?.ends | da[ERROR -&gt;]teFormat: 'HH:mm' }} {{ show?.name | safeHtml }}
          &lt;/div&gt;
        &lt;/div&gt;
"): ng:///DynamicTestModule/ScheduleComponent.html@109:30
The pipe 'dateFormat' could not be found ("    &lt;div *ngFor="let show of schedule?.nextsaturday"&gt;
            {{ show?.starts | dateFormat: 'HH:[ERROR -&gt;]mm' }} -
            {{ show?.ends | dateFormat: 'HH:mm' }} {{ show?.name | safeHtml }}
          &lt;/d"): ng:///DynamicTestModule/ScheduleComponent.html@116:46
The pipe 'safeHtml' could not be found ("nextsaturday"&gt;
            {{ show?.starts | dateFormat: 'HH:mm' }} -
            {{ show?.ends | da[ERROR -&gt;]teFormat: 'HH:mm' }} {{ show?.name | safeHtml }}
          &lt;/div&gt;
        &lt;/div&gt;
"): ng:///DynamicTestModule/ScheduleComponent.html@117:30
The pipe 'dateFormat' could not be found ("      &lt;div *ngFor="let show of schedule?.nextsunday"&gt;
            {{ show?.starts | dateFormat: 'HH:[ERROR -&gt;]mm' }} -
            {{ show?.ends | dateFormat: 'HH:mm' }} {{ show?.name | safeHtml }}
          &lt;/d"): ng:///DynamicTestModule/ScheduleComponent.html@124:46
The pipe 'safeHtml' could not be found ("?.nextsunday"&gt;
            {{ show?.starts | dateFormat: 'HH:mm' }} -
            {{ show?.ends | da[ERROR -&gt;]teFormat: 'HH:mm' }} {{ show?.name | safeHtml }}
          &lt;/div&gt;
        &lt;/div&gt;
"): ng:///DynamicTestModule/ScheduleComponent.html@125:30
error properties: Object({ ngSyntaxError: true, ngParseErrors: [ Can't bind to 'isLoading' since it isn't a known property of 'app-loader'.
    &lt;div class="col-12"): ng:///DynamicTestModule/ScheduleComponent.html@6:14, 'app-loader' is not a known element:
  [ERROR -&gt;]&lt;app-loader  ...
    at syntaxError (node_modules/@angular/compiler/fesm5/compiler.js:2430:1)
    at TemplateParser.push../node_modules/@angular/compiler/fesm5/compiler.js.TemplateParser.parse (node_modules/@angular/compiler/fesm5/compiler.js:20605:1)
    at JitCompiler.push../node_modules/@angular/compiler/fesm5/compiler.js.JitCompiler._parseTemplate (node_modules/@angular/compiler/fesm5/compiler.js:26171:1)
    at JitCompiler.push../node_modules/@angular/compiler/fesm5/compiler.js.JitCompiler._compileTemplate (node_modules/@angular/compiler/fesm5/compiler.js:26158:1)
    at node_modules/@angular/compiler/fesm5/compiler.js:26101:48
    at &lt;Jasmine&gt;
    at JitCompiler.push../node_modules/@angular/compiler/fesm5/compiler.js.JitCompiler._compileComponents (node_modules/@angular/compiler/fesm5/compiler.js:26101:1)
    at node_modules/@angular/compiler/fesm5/compiler.js:26019:1
    at Object.then (node_modules/@angular/compiler/fesm5/compiler.js:2421:33)
    at JitCompiler.push../node_modules/@angular/compiler/fesm5/compiler.js.JitCompiler._compileModuleAndAllComponents (node_modules/@angular/compiler/fesm5/compiler.js:26017:1)
</failure>
    <failure type="">Error: Expected undefined to be truthy.
    at &lt;Jasmine&gt;
    at UserContext.&lt;anonymous&gt; (src/app/schedule/schedule.component.spec.ts:22:23)
    at ZoneDelegate../node_modules/zone.js/dist/zone.js.ZoneDelegate.invoke (node_modules/zone.js/dist/zone.js:391:1)
    at ProxyZoneSpec.push../node_modules/zone.js/dist/zone-testing.js.ProxyZoneSpec.onInvoke (node_modules/zone.js/dist/zone-testing.js:289:1)
</failure>
  </testcase>
  <testcase name="QuoteService getRandomQuote should return a string in case of error" time="0.021" classname="QuoteService"/>
  <testcase name="QuoteService getRandomQuote should return a random Chuck Norris quote" time="0.012" classname="QuoteService">
    <failure type="">Error: Expected undefined to equal 'a random quote'.
    at &lt;Jasmine&gt;
    at SafeSubscriber._next (src/app/shows/quote.service.spec.ts:43:23)
    at SafeSubscriber.push../node_modules/rxjs/_esm5/internal/Subscriber.js.SafeSubscriber.__tryOrUnsub (node_modules/rxjs/_esm5/internal/Subscriber.js:192:1)
    at SafeSubscriber.push../node_modules/rxjs/_esm5/internal/Subscriber.js.SafeSubscriber.next (node_modules/rxjs/_esm5/internal/Subscriber.js:130:1)
</failure>
  </testcase>
  <testcase name="SearchComponent should create" time="0.021" classname="SearchComponent">
    <failure type="">1. If 'ais-instantsearch' is an Angular component and it has 'config' input, then verify that it is part of this module.
2. If 'ais-instantsearch' is a Web Component then add 'CUSTOM_ELEMENTS_SCHEMA' to the '@NgModule.schemas' of this component to suppress this message.
3. To allow any property add 'NO_ERRORS_SCHEMA' to the '@NgModule.schemas' of this component. ("
    &lt;div class="row"&gt;
      &lt;div class="col"&gt;
        &lt;ais-instantsearch [ERROR -&gt;][config]="config"&gt;
          &lt;ais-search-box
            [autofocus]="true"
          &lt;ais-search-box
            [autofocus]="true"
            [ERROR -&gt;][placeholder]="'SEARCH' | translate"
          &gt;&lt;/ais-search-box&gt;
          &lt;hr /&gt;
Can't bind to 'config' since it isn't a known property of 'ais-instantsearch'.
1. If 'ais-instantsearch' is an Angular component and it has 'config' input, then verify that it is part of this module.
2. If 'ais-instantsearch' is a Web Component then add 'CUSTOM_ELEMENTS_SCHEMA' to the '@NgModule.schemas' of this component to suppress this message.
3. To allow any property add 'NO_ERRORS_SCHEMA' to the '@NgModule.schemas' of this component. ("
    &lt;div class="row"&gt;
      &lt;div class="col"&gt;
        &lt;ais-instantsearch [ERROR -&gt;][config]="config"&gt;
          &lt;ais-search-box
            [autofocus]="true"
"): ng:///DynamicTestModule/SearchComponent.html@4:27
The pipe 'translate' could not be found ("
          &lt;ais-search-box
            [autofocus]="true"
            [ERROR -&gt;][placeholder]="'SEARCH' | translate"
          &gt;&lt;/ais-search-box&gt;
          &lt;hr /&gt;
"): ng:///DynamicTestModule/SearchComponent.html@7:12
Can't bind to 'autofocus' since it isn't a known property of 'ais-search-box'.
1. If 'ais-search-box' is an Angular component and it has 'autofocus' input, then verify that it is part of this module.
2. If 'ais-search-box' is a Web Component then add 'CUSTOM_ELEMENTS_SCHEMA' to the '@NgModule.schemas' of this component to suppress this message.
3. To allow any property add 'NO_ERRORS_SCHEMA' to the '@NgModule.schemas' of this component. ("
        &lt;ais-instantsearch [config]="config"&gt;
          &lt;ais-search-box
            [ERROR -&gt;][autofocus]="true"
            [placeholder]="'SEARCH' | translate"
          &gt;&lt;/ais-search-box&gt;
"): ng:///DynamicTestModule/SearchComponent.html@6:12
Can't bind to 'placeholder' since it isn't a known property of 'ais-search-box'.
1. If 'ais-search-box' is an Angular component and it has 'placeholder' input, then verify that it is part of this module.
2. If 'ais-search-box' is a Web Component then add 'CUSTOM_ELEMENTS_SCHEMA' to the '@NgModule.schemas' of this component to suppress this message.
3. To allow any property add 'NO_ERRORS_SCHEMA' to the '@NgModule.schemas' of this component. ("
          &lt;ais-search-box
            [autofocus]="true"
            [ERROR -&gt;][placeholder]="'SEARCH' | translate"
          &gt;&lt;/ais-search-box&gt;
          &lt;hr /&gt;
"): ng:///DynamicTestModule/SearchComponent.html@7:12
'ais-search-box' is not a known element:
1. If 'ais-search-box' is an Angular component, then verify that it is part of this module.
2. If 'ais-search-box' is a Web Component then add 'CUSTOM_ELEMENTS_SCHEMA' to the '@NgModule.schemas' of this component to suppress this message. ("
      &lt;div class="col"&gt;
        &lt;ais-instantsearch [config]="config"&gt;
          [ERROR -&gt;]&lt;ais-search-box
            [autofocus]="true"
            [placeholder]="'SEARCH' | translate"
"): ng:///DynamicTestModule/SearchComponent.html@5:10
Can't bind to 'routerLink' since it isn't a known property of 'a'. ("        *ngFor="let show of hits"
                    &gt;
                      &lt;a class="show__link" [ERROR -&gt;]routerLink="/show/{{ show._id }}"&gt;
                        &lt;div class="single__show__list"&gt;
         "): ng:///DynamicTestModule/SearchComponent.html@25:44
'ais-hits' is not a known element:
1. If 'ais-hits' is an Angular component, then verify that it is part of this module.
2. If 'ais-hits' is a Web Component then add 'CUSTOM_ELEMENTS_SCHEMA' to the '@NgModule.schemas' of this component to suppress this message. ("
          &gt;&lt;/ais-search-box&gt;
          &lt;hr /&gt;
          [ERROR -&gt;]&lt;ais-hits&gt;
            &lt;ng-template let-hits="hits" let-results="results"&gt;
              &lt;div class=""): ng:///DynamicTestModule/SearchComponent.html@10:10
'ais-instantsearch' is not a known element:
1. If 'ais-instantsearch' is an Angular component, then verify that it is part of this module.
2. If 'ais-instantsearch' is a Web Component then add 'CUSTOM_ELEMENTS_SCHEMA' to the '@NgModule.schemas' of this component to suppress this message. ("
    &lt;div class="row"&gt;
      &lt;div class="col"&gt;
        [ERROR -&gt;]&lt;ais-instantsearch [config]="config"&gt;
          &lt;ais-search-box
            [autofocus]="true"
"): ng:///DynamicTestModule/SearchComponent.html@4:8
error properties: Object({ ngSyntaxError: true, ngParseErrors: [ Can't bind to 'config' since it isn't a known property of 'ais-instantsearch'.
"): ng:///DynamicTestModule/SearchComponent.html@4:27, The pipe 'translate' could not be found ("
"): ng:///DynamicTestModule/SearchComponent.html@7:12, Can't bind to 'autofocus' si ...
Error: Template parse errors:
    at syntaxError (node_modules/@angular/compiler/fesm5/compiler.js:2430:1)
    at TemplateParser.push../node_modules/@angular/compiler/fesm5/compiler.js.TemplateParser.parse (node_modules/@angular/compiler/fesm5/compiler.js:20605:1)
    at JitCompiler.push../node_modules/@angular/compiler/fesm5/compiler.js.JitCompiler._parseTemplate (node_modules/@angular/compiler/fesm5/compiler.js:26171:1)
    at JitCompiler.push../node_modules/@angular/compiler/fesm5/compiler.js.JitCompiler._compileTemplate (node_modules/@angular/compiler/fesm5/compiler.js:26158:1)
    at node_modules/@angular/compiler/fesm5/compiler.js:26101:48
    at &lt;Jasmine&gt;
    at JitCompiler.push../node_modules/@angular/compiler/fesm5/compiler.js.JitCompiler._compileComponents (node_modules/@angular/compiler/fesm5/compiler.js:26101:1)
    at node_modules/@angular/compiler/fesm5/compiler.js:26019:1
    at Object.then (node_modules/@angular/compiler/fesm5/compiler.js:2421:33)
    at JitCompiler.push../node_modules/@angular/compiler/fesm5/compiler.js.JitCompiler._compileModuleAndAllComponents (node_modules/@angular/compiler/fesm5/compiler.js:26017:1)
</failure>
    <failure type="">1. If 'ais-instantsearch' is an Angular component and it has 'config' input, then verify that it is part of this module.
2. If 'ais-instantsearch' is a Web Component then add 'CUSTOM_ELEMENTS_SCHEMA' to the '@NgModule.schemas' of this component to suppress this message.
3. To allow any property add 'NO_ERRORS_SCHEMA' to the '@NgModule.schemas' of this component. ("
    &lt;div class="row"&gt;
      &lt;div class="col"&gt;
        &lt;ais-instantsearch [ERROR -&gt;][config]="config"&gt;
          &lt;ais-search-box
            [autofocus]="true"
          &lt;ais-search-box
            [autofocus]="true"
            [ERROR -&gt;][placeholder]="'SEARCH' | translate"
          &gt;&lt;/ais-search-box&gt;
          &lt;hr /&gt;
Error: Template parse errors:
Can't bind to 'config' since it isn't a known property of 'ais-instantsearch'.
1. If 'ais-instantsearch' is an Angular component and it has 'config' input, then verify that it is part of this module.
2. If 'ais-instantsearch' is a Web Component then add 'CUSTOM_ELEMENTS_SCHEMA' to the '@NgModule.schemas' of this component to suppress this message.
3. To allow any property add 'NO_ERRORS_SCHEMA' to the '@NgModule.schemas' of this component. ("
    &lt;div class="row"&gt;
      &lt;div class="col"&gt;
        &lt;ais-instantsearch [ERROR -&gt;][config]="config"&gt;
          &lt;ais-search-box
            [autofocus]="true"
"): ng:///DynamicTestModule/SearchComponent.html@4:27
The pipe 'translate' could not be found ("
          &lt;ais-search-box
            [autofocus]="true"
            [ERROR -&gt;][placeholder]="'SEARCH' | translate"
          &gt;&lt;/ais-search-box&gt;
          &lt;hr /&gt;
"): ng:///DynamicTestModule/SearchComponent.html@7:12
Can't bind to 'autofocus' since it isn't a known property of 'ais-search-box'.
1. If 'ais-search-box' is an Angular component and it has 'autofocus' input, then verify that it is part of this module.
2. If 'ais-search-box' is a Web Component then add 'CUSTOM_ELEMENTS_SCHEMA' to the '@NgModule.schemas' of this component to suppress this message.
3. To allow any property add 'NO_ERRORS_SCHEMA' to the '@NgModule.schemas' of this component. ("
        &lt;ais-instantsearch [config]="config"&gt;
          &lt;ais-search-box
            [ERROR -&gt;][autofocus]="true"
            [placeholder]="'SEARCH' | translate"
          &gt;&lt;/ais-search-box&gt;
"): ng:///DynamicTestModule/SearchComponent.html@6:12
Can't bind to 'placeholder' since it isn't a known property of 'ais-search-box'.
1. If 'ais-search-box' is an Angular component and it has 'placeholder' input, then verify that it is part of this module.
2. If 'ais-search-box' is a Web Component then add 'CUSTOM_ELEMENTS_SCHEMA' to the '@NgModule.schemas' of this component to suppress this message.
3. To allow any property add 'NO_ERRORS_SCHEMA' to the '@NgModule.schemas' of this component. ("
          &lt;ais-search-box
            [autofocus]="true"
            [ERROR -&gt;][placeholder]="'SEARCH' | translate"
          &gt;&lt;/ais-search-box&gt;
          &lt;hr /&gt;
"): ng:///DynamicTestModule/SearchComponent.html@7:12
'ais-search-box' is not a known element:
1. If 'ais-search-box' is an Angular component, then verify that it is part of this module.
2. If 'ais-search-box' is a Web Component then add 'CUSTOM_ELEMENTS_SCHEMA' to the '@NgModule.schemas' of this component to suppress this message. ("
      &lt;div class="col"&gt;
        &lt;ais-instantsearch [config]="config"&gt;
          [ERROR -&gt;]&lt;ais-search-box
            [autofocus]="true"
            [placeholder]="'SEARCH' | translate"
"): ng:///DynamicTestModule/SearchComponent.html@5:10
Can't bind to 'routerLink' since it isn't a known property of 'a'. ("        *ngFor="let show of hits"
                    &gt;
                      &lt;a class="show__link" [ERROR -&gt;]routerLink="/show/{{ show._id }}"&gt;
                        &lt;div class="single__show__list"&gt;
         "): ng:///DynamicTestModule/SearchComponent.html@25:44
'ais-hits' is not a known element:
1. If 'ais-hits' is an Angular component, then verify that it is part of this module.
2. If 'ais-hits' is a Web Component then add 'CUSTOM_ELEMENTS_SCHEMA' to the '@NgModule.schemas' of this component to suppress this message. ("
          &gt;&lt;/ais-search-box&gt;
          &lt;hr /&gt;
          [ERROR -&gt;]&lt;ais-hits&gt;
            &lt;ng-template let-hits="hits" let-results="results"&gt;
              &lt;div class=""): ng:///DynamicTestModule/SearchComponent.html@10:10
'ais-instantsearch' is not a known element:
1. If 'ais-instantsearch' is an Angular component, then verify that it is part of this module.
2. If 'ais-instantsearch' is a Web Component then add 'CUSTOM_ELEMENTS_SCHEMA' to the '@NgModule.schemas' of this component to suppress this message. ("
    &lt;div class="row"&gt;
      &lt;div class="col"&gt;
        [ERROR -&gt;]&lt;ais-instantsearch [config]="config"&gt;
          &lt;ais-search-box
            [autofocus]="true"
"): ng:///DynamicTestModule/SearchComponent.html@4:8
error properties: Object({ ngSyntaxError: true, ngParseErrors: [ Can't bind to 'config' since it isn't a known property of 'ais-instantsearch'.
"): ng:///DynamicTestModule/SearchComponent.html@4:27, The pipe 'translate' could not be found ("
"): ng:///DynamicTestModule/SearchComponent.html@7:12, Can't bind to 'autofocus' si ...
    at syntaxError (node_modules/@angular/compiler/fesm5/compiler.js:2430:1)
    at TemplateParser.push../node_modules/@angular/compiler/fesm5/compiler.js.TemplateParser.parse (node_modules/@angular/compiler/fesm5/compiler.js:20605:1)
    at JitCompiler.push../node_modules/@angular/compiler/fesm5/compiler.js.JitCompiler._parseTemplate (node_modules/@angular/compiler/fesm5/compiler.js:26171:1)
    at JitCompiler.push../node_modules/@angular/compiler/fesm5/compiler.js.JitCompiler._compileTemplate (node_modules/@angular/compiler/fesm5/compiler.js:26158:1)
    at node_modules/@angular/compiler/fesm5/compiler.js:26101:48
    at &lt;Jasmine&gt;
    at JitCompiler.push../node_modules/@angular/compiler/fesm5/compiler.js.JitCompiler._compileComponents (node_modules/@angular/compiler/fesm5/compiler.js:26101:1)
    at node_modules/@angular/compiler/fesm5/compiler.js:26019:1
    at Object.then (node_modules/@angular/compiler/fesm5/compiler.js:2421:33)
    at JitCompiler.push../node_modules/@angular/compiler/fesm5/compiler.js.JitCompiler._compileModuleAndAllComponents (node_modules/@angular/compiler/fesm5/compiler.js:26017:1)
</failure>
    <failure type="">Error: Expected undefined to be truthy.
    at &lt;Jasmine&gt;
    at UserContext.&lt;anonymous&gt; (src/app/search/search.component.spec.ts:22:23)
    at ZoneDelegate../node_modules/zone.js/dist/zone.js.ZoneDelegate.invoke (node_modules/zone.js/dist/zone.js:391:1)
    at ProxyZoneSpec.push../node_modules/zone.js/dist/zone-testing.js.ProxyZoneSpec.onInvoke (node_modules/zone.js/dist/zone-testing.js:289:1)
</failure>
  </testcase>
  <testcase name="ShowsComponent should create" time="0.098" classname="ShowsComponent">
    <failure type="">    &lt;div class="row"&gt;
      &lt;div class="col-12 my-1"&gt;
        &lt;div class="swiper-container" [ERROR -&gt;][swiper]="config"&gt;
          &lt;div class="swiper-wrapper"&gt;
            &lt;div
            &gt;
              &lt;a class="show__link" [ERROR -&gt;]routerLink="/show/{{ show._id }}"&gt;
                &lt;div
        *ngFor="let show of shows"
      &gt;
        &lt;a class="show__link" [ERROR -&gt;]routerLink="/show/{{ show._id }}"&gt;
          &lt;div class="single__show__list"&gt;
Can't bind to 'swiper' since it isn't a known property of 'div'. ("
    &lt;div class="row"&gt;
      &lt;div class="col-12 my-1"&gt;
        &lt;div class="swiper-container" [ERROR -&gt;][swiper]="config"&gt;
          &lt;div class="swiper-wrapper"&gt;
            &lt;div
"): ng:///DynamicTestModule/ShowsComponent.html@9:38
Can't bind to 'routerLink' since it isn't a known property of 'a'. ("r="let show of shows | slice: 0:6; let i = index"
            &gt;
              &lt;a class="show__link" [ERROR -&gt;]routerLink="/show/{{ show._id }}"&gt;
                &lt;div
                  class="swiper__show slider_"): ng:///DynamicTestModule/ShowsComponent.html@15:36
Can't bind to 'routerLink' since it isn't a known property of 'a'. ("
        *ngFor="let show of shows"
      &gt;
        &lt;a class="show__link" [ERROR -&gt;]routerLink="/show/{{ show._id }}"&gt;
          &lt;div class="single__show__list"&gt;
            &lt;div class="): ng:///DynamicTestModule/ShowsComponent.html@44:30
Can't bind to 'swiper' since it isn't a known property of 'div'. ("
    &lt;div class="row"&gt;
      &lt;div class="col-12 my-1"&gt;
        &lt;div class="swiper-container" [ERROR -&gt;][swiper]="config"&gt;
          &lt;div class="swiper-wrapper"&gt;
            &lt;div class="swiper-slide"&gt;
"): ng:///DynamicTestModule/ShowsComponent.html@80:38
Can't bind to 'theme' since it isn't a known property of 'ngx-skeleton-loader'.
1. If 'ngx-skeleton-loader' is an Angular component and it has 'theme' input, then verify that it is part of this module.
2. If 'ngx-skeleton-loader' is a Web Component then add 'CUSTOM_ELEMENTS_SCHEMA' to the '@NgModule.schemas' of this component to suppress this message.
3. To allow any property add 'NO_ERRORS_SCHEMA' to the '@NgModule.schemas' of this component. ("
              &lt;ngx-skeleton-loader
                count="1"
                [ERROR -&gt;][theme]="{
                  'border-radius': '10px',
                  height: '275px',
"): ng:///DynamicTestModule/ShowsComponent.html@85:16
'ngx-skeleton-loader' is not a known element:
1. If 'ngx-skeleton-loader' is an Angular component, then verify that it is part of this module.
2. If 'ngx-skeleton-loader' is a Web Component then add 'CUSTOM_ELEMENTS_SCHEMA' to the '@NgModule.schemas' of this component to suppress this message. ("
          &lt;div class="swiper-wrapper"&gt;
            &lt;div class="swiper-slide"&gt;
              [ERROR -&gt;]&lt;ngx-skeleton-loader
                count="1"
                [theme]="{
"): ng:///DynamicTestModule/ShowsComponent.html@83:14
Can't bind to 'theme' since it isn't a known property of 'ngx-skeleton-loader'.
1. If 'ngx-skeleton-loader' is an Angular component and it has 'theme' input, then verify that it is part of this module.
2. If 'ngx-skeleton-loader' is a Web Component then add 'CUSTOM_ELEMENTS_SCHEMA' to the '@NgModule.schemas' of this component to suppress this message.
3. To allow any property add 'NO_ERRORS_SCHEMA' to the '@NgModule.schemas' of this component. ("
              &lt;ngx-skeleton-loader
                count="1"
                [ERROR -&gt;][theme]="{
                  'border-radius': '10px',
                  height: '275px',
"): ng:///DynamicTestModule/ShowsComponent.html@95:16
'ngx-skeleton-loader' is not a known element:
1. If 'ngx-skeleton-loader' is an Angular component, then verify that it is part of this module.
2. If 'ngx-skeleton-loader' is a Web Component then add 'CUSTOM_ELEMENTS_SCHEMA' to the '@NgModule.schemas' of this component to suppress this message. ("
            &lt;/div&gt;
            &lt;div class="swiper-slide"&gt;
              [ERROR -&gt;]&lt;ngx-skeleton-loader
                count="1"
                [theme]="{
"): ng:///DynamicTestModule/ShowsComponent.html@93:14
Can't bind to 'theme' since it isn't a known property of 'ngx-skeleton-loader'.
1. If 'ngx-skeleton-loader' is an Angular component and it has 'theme' input, then verify that it is part of this module.
2. If 'ngx-skeleton-loader' is a Web Component then add 'CUSTOM_ELEMENTS_SCHEMA' to the '@NgModule.schemas' of this component to suppress this message.
3. To allow any property add 'NO_ERRORS_SCHEMA' to the '@NgModule.schemas' of this component. ("
              &lt;ngx-skeleton-loader
                count="1"
                [ERROR -&gt;][theme]="{
                  'border-radius': '10px',
                  height: '275px',
"): ng:///DynamicTestModule/ShowsComponent.html@105:16
'ngx-skeleton-loader' is not a known element:
1. If 'ngx-skeleton-loader' is an Angular component, then verify that it is part of this module.
2. If 'ngx-skeleton-loader' is a Web Component then add 'CUSTOM_ELEMENTS_SCHEMA' to the '@NgModule.schemas' of this component to suppress this message. ("
            &lt;/div&gt;
            &lt;div class="swiper-slide"&gt;
              [ERROR -&gt;]&lt;ngx-skeleton-loader
                count="1"
                [theme]="{
"): ng:///DynamicTestModule/ShowsComponent.html@103:14
Can't bind to 'theme' since it isn't a known property of 'ngx-skeleton-loader'.
1. If 'ngx-skeleton-loader' is an Angular component and it has 'theme' input, then verify that it is part of this module.
2. If 'ngx-skeleton-loader' is a Web Component then add 'CUSTOM_ELEMENTS_SCHEMA' to the '@NgModule.schemas' of this component to suppress this message.
3. To allow any property add 'NO_ERRORS_SCHEMA' to the '@NgModule.schemas' of this component. ("
              &lt;ngx-skeleton-loader
                count="1"
                [ERROR -&gt;][theme]="{
                  'border-radius': '10px',
                  height: '275px',
"): ng:///DynamicTestModule/ShowsComponent.html@115:16
'ngx-skeleton-loader' is not a known element:
1. If 'ngx-skeleton-loader' is an Angular component, then verify that it is part of this module.
2. If 'ngx-skeleton-loader' is a Web Component then add 'CUSTOM_ELEMENTS_SCHEMA' to the '@NgModule.schemas' of this component to suppress this message. ("
            &lt;/div&gt;
            &lt;div class="swiper-slide"&gt;
              [ERROR -&gt;]&lt;ngx-skeleton-loader
                count="1"
                [theme]="{
"): ng:///DynamicTestModule/ShowsComponent.html@113:14
Can't bind to 'theme' since it isn't a known property of 'ngx-skeleton-loader'.
1. If 'ngx-skeleton-loader' is an Angular component and it has 'theme' input, then verify that it is part of this module.
2. If 'ngx-skeleton-loader' is a Web Component then add 'CUSTOM_ELEMENTS_SCHEMA' to the '@NgModule.schemas' of this component to suppress this message.
3. To allow any property add 'NO_ERRORS_SCHEMA' to the '@NgModule.schemas' of this component. ("
                &lt;ngx-skeleton-loader
                  appearance="circle"
                  [ERROR -&gt;][theme]="{ width: '98px', height: '98px' }"
                &gt;
                &lt;/ngx-skeleton-loader&gt;
"): ng:///DynamicTestModule/ShowsComponent.html@139:18
'ngx-skeleton-loader' is not a known element:
1. If 'ngx-skeleton-loader' is an Angular component, then verify that it is part of this module.
2. If 'ngx-skeleton-loader' is a Web Component then add 'CUSTOM_ELEMENTS_SCHEMA' to the '@NgModule.schemas' of this component to suppress this message. ("  &lt;div class="col-4"&gt;
              &lt;div class="single__show__list__img-container"&gt;
                [ERROR -&gt;]&lt;ngx-skeleton-loader
                  appearance="circle"
                  [theme]="{ width: '98px'"): ng:///DynamicTestModule/ShowsComponent.html@137:16
Can't bind to 'theme' since it isn't a known property of 'ngx-skeleton-loader'.
1. If 'ngx-skeleton-loader' is an Angular component and it has 'theme' input, then verify that it is part of this module.
2. If 'ngx-skeleton-loader' is a Web Component then add 'CUSTOM_ELEMENTS_SCHEMA' to the '@NgModule.schemas' of this component to suppress this message.
3. To allow any property add 'NO_ERRORS_SCHEMA' to the '@NgModule.schemas' of this component. ("
                  &lt;ngx-skeleton-loader
                    count="1"
                    [ERROR -&gt;][theme]="{
                      'border-radius': '10',
                      height: '5px',
"): ng:///DynamicTestModule/ShowsComponent.html@149:20
'ngx-skeleton-loader' is not a known element:
1. If 'ngx-skeleton-loader' is an Angular component, then verify that it is part of this module.
2. If 'ngx-skeleton-loader' is a Web Component then add 'CUSTOM_ELEMENTS_SCHEMA' to the '@NgModule.schemas' of this component to suppress this message. ("ow__list__text-container"&gt;
                &lt;div class="single__show__list__tags"&gt;
                  [ERROR -&gt;]&lt;ngx-skeleton-loader
                    count="1"
                    [theme]="{
"): ng:///DynamicTestModule/ShowsComponent.html@147:18
Can't bind to 'theme' since it isn't a known property of 'ngx-skeleton-loader'.
1. If 'ngx-skeleton-loader' is an Angular component and it has 'theme' input, then verify that it is part of this module.
2. If 'ngx-skeleton-loader' is a Web Component then add 'CUSTOM_ELEMENTS_SCHEMA' to the '@NgModule.schemas' of this component to suppress this message.
3. To allow any property add 'NO_ERRORS_SCHEMA' to the '@NgModule.schemas' of this component. ("
                  &lt;ngx-skeleton-loader
                    count="2"
                    [ERROR -&gt;][theme]="{
                      'border-radius': '10',
                      height: '20px',
"): ng:///DynamicTestModule/ShowsComponent.html@159:20
'ngx-skeleton-loader' is not a known element:
1. If 'ngx-skeleton-loader' is an Angular component, then verify that it is part of this module.
2. If 'ngx-skeleton-loader' is a Web Component then add 'CUSTOM_ELEMENTS_SCHEMA' to the '@NgModule.schemas' of this component to suppress this message. ("
                &lt;/div&gt;
                &lt;h5&gt;
                  [ERROR -&gt;]&lt;ngx-skeleton-loader
                    count="2"
                    [theme]="{
"): ng:///DynamicTestModule/ShowsComponent.html@157:18
Can't bind to 'theme' since it isn't a known property of 'ngx-skeleton-loader'.
1. If 'ngx-skeleton-loader' is an Angular component and it has 'theme' input, then verify that it is part of this module.
2. If 'ngx-skeleton-loader' is a Web Component then add 'CUSTOM_ELEMENTS_SCHEMA' to the '@NgModule.schemas' of this component to suppress this message.
3. To allow any property add 'NO_ERRORS_SCHEMA' to the '@NgModule.schemas' of this component. ("
                  &lt;ngx-skeleton-loader
                    count="1"
                    [ERROR -&gt;][theme]="{
                      'border-radius': '10',
                      height: '5px',
"): ng:///DynamicTestModule/ShowsComponent.html@169:20
'ngx-skeleton-loader' is not a known element:
1. If 'ngx-skeleton-loader' is an Angular component, then verify that it is part of this module.
2. If 'ngx-skeleton-loader' is a Web Component then add 'CUSTOM_ELEMENTS_SCHEMA' to the '@NgModule.schemas' of this component to suppress this message. ("
                &lt;/h5&gt;
                &lt;p&gt;
                  [ERROR -&gt;]&lt;ngx-skeleton-loader
                    count="1"
                    [theme]="{
"): ng:///DynamicTestModule/ShowsComponent.html@167:18
Can't bind to 'theme' since it isn't a known property of 'ngx-skeleton-loader'.
1. If 'ngx-skeleton-loader' is an Angular component and it has 'theme' input, then verify that it is part of this module.
2. If 'ngx-skeleton-loader' is a Web Component then add 'CUSTOM_ELEMENTS_SCHEMA' to the '@NgModule.schemas' of this component to suppress this message.
3. To allow any property add 'NO_ERRORS_SCHEMA' to the '@NgModule.schemas' of this component. ("
                &lt;ngx-skeleton-loader
                  appearance="circle"
                  [ERROR -&gt;][theme]="{ width: '98px', height: '98px' }"
                &gt;
                &lt;/ngx-skeleton-loader&gt;
"): ng:///DynamicTestModule/ShowsComponent.html@188:18
'ngx-skeleton-loader' is not a known element:
1. If 'ngx-skeleton-loader' is an Angular component, then verify that it is part of this module.
2. If 'ngx-skeleton-loader' is a Web Component then add 'CUSTOM_ELEMENTS_SCHEMA' to the '@NgModule.schemas' of this component to suppress this message. ("  &lt;div class="col-4"&gt;
              &lt;div class="single__show__list__img-container"&gt;
                [ERROR -&gt;]&lt;ngx-skeleton-loader
                  appearance="circle"
                  [theme]="{ width: '98px'"): ng:///DynamicTestModule/ShowsComponent.html@186:16
Can't bind to 'theme' since it isn't a known property of 'ngx-skeleton-loader'.
1. If 'ngx-skeleton-loader' is an Angular component and it has 'theme' input, then verify that it is part of this module.
2. If 'ngx-skeleton-loader' is a Web Component then add 'CUSTOM_ELEMENTS_SCHEMA' to the '@NgModule.schemas' of this component to suppress this message.
3. To allow any property add 'NO_ERRORS_SCHEMA' to the '@NgModule.schemas' of this component. ("
                  &lt;ngx-skeleton-loader
                    count="1"
                    [ERROR -&gt;][theme]="{
                      'border-radius': '10',
                      height: '5px',
"): ng:///DynamicTestModule/ShowsComponent.html@198:20
'ngx-skeleton-loader' is not a known element:
1. If 'ngx-skeleton-loader' is an Angular component, then verify that it is part of this module.
2. If 'ngx-skeleton-loader' is a Web Component then add 'CUSTOM_ELEMENTS_SCHEMA' to the '@NgModule.schemas' of this component to suppress this message. ("ow__list__text-container"&gt;
                &lt;div class="single__show__list__tags"&gt;
                  [ERROR -&gt;]&lt;ngx-skeleton-loader
                    count="1"
                    [theme]="{
"): ng:///DynamicTestModule/ShowsComponent.html@196:18
Can't bind to 'theme' since it isn't a known property of 'ngx-skeleton-loader'.
1. If 'ngx-skeleton-loader' is an Angular component and it has 'theme' input, then verify that it is part of this module.
2. If 'ngx-skeleton-loader' is a Web Component then add 'CUSTOM_ELEMENTS_SCHEMA' to the '@NgModule.schemas' of this component to suppress this message.
3. To allow any property add 'NO_ERRORS_SCHEMA' to the '@NgModule.schemas' of this component. ("
                  &lt;ngx-skeleton-loader
                    count="2"
                    [ERROR -&gt;][theme]="{
                      'border-radius': '10',
                      height: '20px',
"): ng:///DynamicTestModule/ShowsComponent.html@208:20
'ngx-skeleton-loader' is not a known element:
1. If 'ngx-skeleton-loader' is an Angular component, then verify that it is part of this module.
2. If 'ngx-skeleton-loader' is a Web Component then add 'CUSTOM_ELEMENTS_SCHEMA' to the '@NgModule.schemas' of this component to suppress this message. ("
                &lt;/div&gt;
                &lt;h5&gt;
                  [ERROR -&gt;]&lt;ngx-skeleton-loader
                    count="2"
                    [theme]="{
"): ng:///DynamicTestModule/ShowsComponent.html@206:18
Can't bind to 'theme' since it isn't a known property of 'ngx-skeleton-loader'.
1. If 'ngx-skeleton-loader' is an Angular component and it has 'theme' input, then verify that it is part of this module.
2. If 'ngx-skeleton-loader' is a Web Component then add 'CUSTOM_ELEMENTS_SCHEMA' to the '@NgModule.schemas' of this component to suppress this message.
3. To allow any property add 'NO_ERRORS_SCHEMA' to the '@NgModule.schemas' of this component. ("
                  &lt;ngx-skeleton-loader
                    count="1"
                    [ERROR -&gt;][theme]="{
                      'border-radius': '10',
                      height: '5px',
"): ng:///DynamicTestModule/ShowsComponent.html@218:20
'ngx-skeleton-loader' is not a known element:
1. If 'ngx-skeleton-loader' is an Angular component, then verify that it is part of this module.
2. If 'ngx-skeleton-loader' is a Web Component then add 'CUSTOM_ELEMENTS_SCHEMA' to the '@NgModule.schemas' of this component to suppress this message. ("
                &lt;/h5&gt;
                &lt;p&gt;
                  [ERROR -&gt;]&lt;ngx-skeleton-loader
                    count="1"
                    [theme]="{
"): ng:///DynamicTestModule/ShowsComponent.html@216:18
Can't bind to 'theme' since it isn't a known property of 'ngx-skeleton-loader'.
1. If 'ngx-skeleton-loader' is an Angular component and it has 'theme' input, then verify that it is part of this module.
2. If 'ngx-skeleton-loader' is a Web Component then add 'CUSTOM_ELEMENTS_SCHEMA' to the '@NgModule.schemas' of this component to suppress this message.
3. To allow any property add 'NO_ERRORS_SCHEMA' to the '@NgModule.schemas' of this component. ("
                &lt;ngx-skeleton-loader
                  appearance="circle"
[...]
  <testcase name="AboutComponent should create" time="0.019" classname="AboutComponent">
    <failure type="">1. If 'i-feather' is an Angular component, then verify that it is part of this module.
2. If 'i-feather' is a Web Component then add 'CUSTOM_ELEMENTS_SCHEMA' to the '@NgModule.schemas' of this component to suppress this message. ("
        &lt;p translate&gt;PROJECT_DESCRIPTION&lt;/p&gt;
        &lt;p&gt;
          [ERROR -&gt;]&lt;i-feather class="icon" name="music"&gt;&lt;/i-feather&gt;
1. If 'i-feather' is an Angular component, then verify that it is part of this module.
2. If 'i-feather' is a Web Component then add 'CUSTOM_ELEMENTS_SCHEMA' to the '@NgModule.schemas' of this component to suppress this message. ("
        &lt;/p&gt;
        &lt;p&gt;
          [ERROR -&gt;]&lt;i-feather name="instagram" class="icon"&gt;&lt;/i-feather&gt; Instagram:
'i-feather' is not a known element:
1. If 'i-feather' is an Angular component, then verify that it is part of this module.
2. If 'i-feather' is a Web Component then add 'CUSTOM_ELEMENTS_SCHEMA' to the '@NgModule.schemas' of this component to suppress this message. ("
        &lt;p translate&gt;PROJECT_DESCRIPTION&lt;/p&gt;
        &lt;p&gt;
          [ERROR -&gt;]&lt;i-feather class="icon" name="music"&gt;&lt;/i-feather&gt;
          &lt;span translate&gt;DIRECT_LINK&lt;/span&gt;:&lt;br /&gt;"): ng:///DynamicTestModule/AboutComponent.html@17:10
'i-feather' is not a known element:
1. If 'i-feather' is an Angular component, then verify that it is part of this module.
2. If 'i-feather' is a Web Component then add 'CUSTOM_ELEMENTS_SCHEMA' to the '@NgModule.schemas' of this component to suppress this message. ("
        &lt;/p&gt;
        &lt;p&gt;
          [ERROR -&gt;]&lt;i-feather name="instagram" class="icon"&gt;&lt;/i-feather&gt; Instagram:
          &lt;a href="https://instagram"): ng:///DynamicTestModule/AboutComponent.html@44:10
'i-feather' is not a known element:
1. If 'i-feather' is an Angular component, then verify that it is part of this module.
2. If 'i-feather' is a Web Component then add 'CUSTOM_ELEMENTS_SCHEMA' to the '@NgModule.schemas' of this component to suppress this message. ("
            &gt;@radio.rasclat&lt;/a
          &gt;&lt;br /&gt;
          [ERROR -&gt;]&lt;i-feather name="twitter" class="icon"&gt;&lt;/i-feather&gt; Twitter:
          &lt;a href="https://twitter.com/r"): ng:///DynamicTestModule/AboutComponent.html@48:10
'i-feather' is not a known element:
1. If 'i-feather' is an Angular component, then verify that it is part of this module.
2. If 'i-feather' is a Web Component then add 'CUSTOM_ELEMENTS_SCHEMA' to the '@NgModule.schemas' of this component to suppress this message. ("
            &gt;@radiorasclat&lt;/a
          &gt;&lt;br /&gt;
          [ERROR -&gt;]&lt;i-feather name="mail" class="icon"&gt;&lt;/i-feather&gt; E-Mail:
          &lt;a href="mailto:office@radio-rascl"): ng:///DynamicTestModule/AboutComponent.html@52:10
'i-feather' is not a known element:
1. If 'i-feather' is an Angular component, then verify that it is part of this module.
2. If 'i-feather' is a Web Component then add 'CUSTOM_ELEMENTS_SCHEMA' to the '@NgModule.schemas' of this component to suppress this message. ("
        &lt;/p&gt;
        &lt;p&gt;
          [ERROR -&gt;]&lt;i-feather name="github" class="icon"&gt;&lt;/i-feather&gt;
          &lt;a href="https://github.com/dmnktoe/radi"): ng:///DynamicTestModule/AboutComponent.html@75:10
error properties: Object({ ngSyntaxError: true, ngParseErrors: [ 'i-feather' is not a known element:
          &lt;span translate&gt;DIRECT_LINK&lt;/span&gt;:&lt;br /&gt;"): ng:///DynamicTestModule/AboutComponent.html@17:10, 'i-feather' is not a known element:
          &lt;a href="https://instagram"): ng:///DynamicTestModule/AboutC ...
Error: Template parse errors:
    at syntaxError (node_modules/@angular/compiler/fesm5/compiler.js:2430:1)
    at TemplateParser.push../node_modules/@angular/compiler/fesm5/compiler.js.TemplateParser.parse (node_modules/@angular/compiler/fesm5/compiler.js:20605:1)
    at JitCompiler.push../node_modules/@angular/compiler/fesm5/compiler.js.JitCompiler._parseTemplate (node_modules/@angular/compiler/fesm5/compiler.js:26171:1)
    at JitCompiler.push../node_modules/@angular/compiler/fesm5/compiler.js.JitCompiler._compileTemplate (node_modules/@angular/compiler/fesm5/compiler.js:26158:1)
    at node_modules/@angular/compiler/fesm5/compiler.js:26101:48
    at &lt;Jasmine&gt;
    at JitCompiler.push../node_modules/@angular/compiler/fesm5/compiler.js.JitCompiler._compileComponents (node_modules/@angular/compiler/fesm5/compiler.js:26101:1)
    at node_modules/@angular/compiler/fesm5/compiler.js:26019:1
    at Object.then (node_modules/@angular/compiler/fesm5/compiler.js:2421:33)
    at JitCompiler.push../node_modules/@angular/compiler/fesm5/compiler.js.JitCompiler._compileModuleAndAllComponents (node_modules/@angular/compiler/fesm5/compiler.js:26017:1)
</failure>
    <failure type="">1. If 'i-feather' is an Angular component, then verify that it is part of this module.
2. If 'i-feather' is a Web Component then add 'CUSTOM_ELEMENTS_SCHEMA' to the '@NgModule.schemas' of this component to suppress this message. ("
        &lt;p translate&gt;PROJECT_DESCRIPTION&lt;/p&gt;
        &lt;p&gt;
          [ERROR -&gt;]&lt;i-feather class="icon" name="music"&gt;&lt;/i-feather&gt;
1. If 'i-feather' is an Angular component, then verify that it is part of this module.
2. If 'i-feather' is a Web Component then add 'CUSTOM_ELEMENTS_SCHEMA' to the '@NgModule.schemas' of this component to suppress this message. ("
        &lt;/p&gt;
        &lt;p&gt;
          [ERROR -&gt;]&lt;i-feather name="instagram" class="icon"&gt;&lt;/i-feather&gt; Instagram:
Error: Template parse errors:
'i-feather' is not a known element:
1. If 'i-feather' is an Angular component, then verify that it is part of this module.
2. If 'i-feather' is a Web Component then add 'CUSTOM_ELEMENTS_SCHEMA' to the '@NgModule.schemas' of this component to suppress this message. ("
        &lt;p translate&gt;PROJECT_DESCRIPTION&lt;/p&gt;
        &lt;p&gt;
          [ERROR -&gt;]&lt;i-feather class="icon" name="music"&gt;&lt;/i-feather&gt;
          &lt;span translate&gt;DIRECT_LINK&lt;/span&gt;:&lt;br /&gt;"): ng:///DynamicTestModule/AboutComponent.html@17:10
'i-feather' is not a known element:
1. If 'i-feather' is an Angular component, then verify that it is part of this module.
2. If 'i-feather' is a Web Component then add 'CUSTOM_ELEMENTS_SCHEMA' to the '@NgModule.schemas' of this component to suppress this message. ("
        &lt;/p&gt;
        &lt;p&gt;
          [ERROR -&gt;]&lt;i-feather name="instagram" class="icon"&gt;&lt;/i-feather&gt; Instagram:
          &lt;a href="https://instagram"): ng:///DynamicTestModule/AboutComponent.html@44:10
'i-feather' is not a known element:
1. If 'i-feather' is an Angular component, then verify that it is part of this module.
2. If 'i-feather' is a Web Component then add 'CUSTOM_ELEMENTS_SCHEMA' to the '@NgModule.schemas' of this component to suppress this message. ("
            &gt;@radio.rasclat&lt;/a
          &gt;&lt;br /&gt;
          [ERROR -&gt;]&lt;i-feather name="twitter" class="icon"&gt;&lt;/i-feather&gt; Twitter:
          &lt;a href="https://twitter.com/r"): ng:///DynamicTestModule/AboutComponent.html@48:10
'i-feather' is not a known element:
1. If 'i-feather' is an Angular component, then verify that it is part of this module.
2. If 'i-feather' is a Web Component then add 'CUSTOM_ELEMENTS_SCHEMA' to the '@NgModule.schemas' of this component to suppress this message. ("
            &gt;@radiorasclat&lt;/a
          &gt;&lt;br /&gt;
          [ERROR -&gt;]&lt;i-feather name="mail" class="icon"&gt;&lt;/i-feather&gt; E-Mail:
          &lt;a href="mailto:office@radio-rascl"): ng:///DynamicTestModule/AboutComponent.html@52:10
'i-feather' is not a known element:
1. If 'i-feather' is an Angular component, then verify that it is part of this module.
2. If 'i-feather' is a Web Component then add 'CUSTOM_ELEMENTS_SCHEMA' to the '@NgModule.schemas' of this component to suppress this message. ("
        &lt;/p&gt;
        &lt;p&gt;
          [ERROR -&gt;]&lt;i-feather name="github" class="icon"&gt;&lt;/i-feather&gt;
          &lt;a href="https://github.com/dmnktoe/radi"): ng:///DynamicTestModule/AboutComponent.html@75:10
error properties: Object({ ngSyntaxError: true, ngParseErrors: [ 'i-feather' is not a known element:
          &lt;span translate&gt;DIRECT_LINK&lt;/span&gt;:&lt;br /&gt;"): ng:///DynamicTestModule/AboutComponent.html@17:10, 'i-feather' is not a known element:
          &lt;a href="https://instagram"): ng:///DynamicTestModule/AboutC ...
    at syntaxError (node_modules/@angular/compiler/fesm5/compiler.js:2430:1)
    at TemplateParser.push../node_modules/@angular/compiler/fesm5/compiler.js.TemplateParser.parse (node_modules/@angular/compiler/fesm5/compiler.js:20605:1)
    at JitCompiler.push../node_modules/@angular/compiler/fesm5/compiler.js.JitCompiler._parseTemplate (node_modules/@angular/compiler/fesm5/compiler.js:26171:1)
    at JitCompiler.push../node_modules/@angular/compiler/fesm5/compiler.js.JitCompiler._compileTemplate (node_modules/@angular/compiler/fesm5/compiler.js:26158:1)
    at node_modules/@angular/compiler/fesm5/compiler.js:26101:48
    at &lt;Jasmine&gt;
    at JitCompiler.push../node_modules/@angular/compiler/fesm5/compiler.js.JitCompiler._compileComponents (node_modules/@angular/compiler/fesm5/compiler.js:26101:1)
    at node_modules/@angular/compiler/fesm5/compiler.js:26019:1
    at Object.then (node_modules/@angular/compiler/fesm5/compiler.js:2421:33)
    at JitCompiler.push../node_modules/@angular/compiler/fesm5/compiler.js.JitCompiler._compileModuleAndAllComponents (node_modules/@angular/compiler/fesm5/compiler.js:26017:1)
</failure>
    <failure type="">Error: Expected undefined to be truthy.
    at &lt;Jasmine&gt;
    at UserContext.&lt;anonymous&gt; (src/app/about/about.component.spec.ts:22:23)
    at ZoneDelegate../node_modules/zone.js/dist/zone.js.ZoneDelegate.invoke (node_modules/zone.js/dist/zone.js:391:1)
    at ProxyZoneSpec.push../node_modules/zone.js/dist/zone-testing.js.ProxyZoneSpec.onInvoke (node_modules/zone.js/dist/zone-testing.js:289:1)
</failure>
  </testcase>
  <testcase name="HeaderComponent should create" time="0.407" classname="HeaderComponent">
    <failure type="">1. If 'i-feather' is an Angular component, then verify that it is part of this module.
2. If 'i-feather' is a Web Component then add 'CUSTOM_ELEMENTS_SCHEMA' to the '@NgModule.schemas' of this component to suppress this message. ("
          (click)="closeMenu()"
        &gt;
          [ERROR -&gt;]&lt;i-feather
            name="search"
            style="width: 21px;
          &lt;span translate&gt;SHOW_NOW&lt;/span&gt;: {{ [ERROR -&gt;]currentShow | safeHtml }}
        &lt;/span&gt;
'i-feather' is not a known element:
1. If 'i-feather' is an Angular component, then verify that it is part of this module.
2. If 'i-feather' is a Web Component then add 'CUSTOM_ELEMENTS_SCHEMA' to the '@NgModule.schemas' of this component to suppress this message. ("
          (click)="closeMenu()"
        &gt;
          [ERROR -&gt;]&lt;i-feather
            name="search"
            style="width: 21px;
"): ng:///DynamicTestModule/HeaderComponent.html@28:10
The pipe 'safeHtml' could not be found ("      &lt;!-- &lt;i class="fas fa-question-circle"&gt;&lt;/i&gt; --&gt;
          &lt;span translate&gt;SHOW_NOW&lt;/span&gt;: {{ [ERROR -&gt;]currentShow | safeHtml }}
        &lt;/span&gt;
        &lt;div class="nav-item" ngbDropdown placement="bottom"): ng:///DynamicTestModule/HeaderComponent.html@85:46
error properties: Object({ ngSyntaxError: true, ngParseErrors: [ 'i-feather' is not a known element:
"): ng:///DynamicTestModule/HeaderComponent.html@28:10, The pipe 'safeHtml' could not be found ("      &lt;!-- &lt;i class="fas fa-question-circle"&gt;&lt;/i&gt; --&gt;
        &lt;div class="nav-item" ngbDropdown placement="bottom"): ng:///DynamicTestModule/HeaderComponent.html@85:46 ] })
Error: Template parse errors:
    at syntaxError (node_modules/@angular/compiler/fesm5/compiler.js:2430:1)
    at TemplateParser.push../node_modules/@angular/compiler/fesm5/compiler.js.TemplateParser.parse (node_modules/@angular/compiler/fesm5/compiler.js:20605:1)
    at JitCompiler.push../node_modules/@angular/compiler/fesm5/compiler.js.JitCompiler._parseTemplate (node_modules/@angular/compiler/fesm5/compiler.js:26171:1)
    at JitCompiler.push../node_modules/@angular/compiler/fesm5/compiler.js.JitCompiler._compileTemplate (node_modules/@angular/compiler/fesm5/compiler.js:26158:1)
    at node_modules/@angular/compiler/fesm5/compiler.js:26101:48
    at &lt;Jasmine&gt;
    at JitCompiler.push../node_modules/@angular/compiler/fesm5/compiler.js.JitCompiler._compileComponents (node_modules/@angular/compiler/fesm5/compiler.js:26101:1)
    at node_modules/@angular/compiler/fesm5/compiler.js:26019:1
    at Object.then (node_modules/@angular/compiler/fesm5/compiler.js:2421:33)
    at JitCompiler.push../node_modules/@angular/compiler/fesm5/compiler.js.JitCompiler._compileModuleAndAllComponents (node_modules/@angular/compiler/fesm5/compiler.js:26017:1)
</failure>
    <failure type="">1. If 'i-feather' is an Angular component, then verify that it is part of this module.
2. If 'i-feather' is a Web Component then add 'CUSTOM_ELEMENTS_SCHEMA' to the '@NgModule.schemas' of this component to suppress this message. ("
          (click)="closeMenu()"
        &gt;
          [ERROR -&gt;]&lt;i-feather
            name="search"
            style="width: 21px;
          &lt;span translate&gt;SHOW_NOW&lt;/span&gt;: {{ [ERROR -&gt;]currentShow | safeHtml }}
        &lt;/span&gt;
Error: Template parse errors:
'i-feather' is not a known element:
1. If 'i-feather' is an Angular component, then verify that it is part of this module.
2. If 'i-feather' is a Web Component then add 'CUSTOM_ELEMENTS_SCHEMA' to the '@NgModule.schemas' of this component to suppress this message. ("
          (click)="closeMenu()"
        &gt;
          [ERROR -&gt;]&lt;i-feather
            name="search"
            style="width: 21px;
"): ng:///DynamicTestModule/HeaderComponent.html@28:10
The pipe 'safeHtml' could not be found ("      &lt;!-- &lt;i class="fas fa-question-circle"&gt;&lt;/i&gt; --&gt;
          &lt;span translate&gt;SHOW_NOW&lt;/span&gt;: {{ [ERROR -&gt;]currentShow | safeHtml }}
        &lt;/span&gt;
        &lt;div class="nav-item" ngbDropdown placement="bottom"): ng:///DynamicTestModule/HeaderComponent.html@85:46
error properties: Object({ ngSyntaxError: true, ngParseErrors: [ 'i-feather' is not a known element:
"): ng:///DynamicTestModule/HeaderComponent.html@28:10, The pipe 'safeHtml' could not be found ("      &lt;!-- &lt;i class="fas fa-question-circle"&gt;&lt;/i&gt; --&gt;
        &lt;div class="nav-item" ngbDropdown placement="bottom"): ng:///DynamicTestModule/HeaderComponent.html@85:46 ] })
    at syntaxError (node_modules/@angular/compiler/fesm5/compiler.js:2430:1)
    at TemplateParser.push../node_modules/@angular/compiler/fesm5/compiler.js.TemplateParser.parse (node_modules/@angular/compiler/fesm5/compiler.js:20605:1)
    at JitCompiler.push../node_modules/@angular/compiler/fesm5/compiler.js.JitCompiler._parseTemplate (node_modules/@angular/compiler/fesm5/compiler.js:26171:1)
    at JitCompiler.push../node_modules/@angular/compiler/fesm5/compiler.js.JitCompiler._compileTemplate (node_modules/@angular/compiler/fesm5/compiler.js:26158:1)
    at node_modules/@angular/compiler/fesm5/compiler.js:26101:48
    at &lt;Jasmine&gt;
    at JitCompiler.push../node_modules/@angular/compiler/fesm5/compiler.js.JitCompiler._compileComponents (node_modules/@angular/compiler/fesm5/compiler.js:26101:1)
    at node_modules/@angular/compiler/fesm5/compiler.js:26019:1
    at Object.then (node_modules/@angular/compiler/fesm5/compiler.js:2421:33)
    at JitCompiler.push../node_modules/@angular/compiler/fesm5/compiler.js.JitCompiler._compileModuleAndAllComponents (node_modules/@angular/compiler/fesm5/compiler.js:26017:1)
</failure>
    <failure type="">Error: Expected undefined to be truthy.
    at &lt;Jasmine&gt;
    at UserContext.&lt;anonymous&gt; (src/app/shell/header/header.component.spec.ts:38:23)
    at ZoneDelegate../node_modules/zone.js/dist/zone.js.ZoneDelegate.invoke (node_modules/zone.js/dist/zone.js:391:1)
    at ProxyZoneSpec.push../node_modules/zone.js/dist/zone-testing.js.ProxyZoneSpec.onInvoke (node_modules/zone.js/dist/zone-testing.js:289:1)
</failure>
  </testcase>
  <testcase name="AppComponent should create the app" time="0.02" classname="AppComponent">
    <failure type="">  StaticInjectorError(Platform: core)[AppComponent -&gt; NgxAnalyticsGoogleAnalytics]: 
    NullInjectorError: No provider for NgxAnalyticsGoogleAnalytics!
error properties: Object({ ngTempTokenPath: null, ngTokenPath: [ 'AppComponent', Function ], ngDebugContext: DebugContext_({ view: Object({ def: Object({ factory: Function, nodeFlags: 33800193, rootNodeFlags: 33554433, nodeMatchedQueries: 0, flags: 0, nodes: [ Object({ nodeIndex: 0, parent: null, renderParent: null, bindingIndex: 0, outputIndex: 0, checkIndex: 0, flags: 33554433, childFlags: 245760, directChildFlags: 245760, childMatchedQueries: 0, matchedQueries: Object({  }), matchedQueryIds: 0, references: Object({  }), ngContentIndex: null, childCount: 1, bindings: [  ], bindingFlags: 0, outputs: [  ], element: Object({ ns: '', name: 'app-root', attrs: [  ], template: null, componentProvider: Object({ nodeIndex: 1, parent: &lt;circular reference: Object&gt;, renderParent: &lt;circular reference: Object&gt;, bindingIndex: 0, outputIndex: 0, checkIndex: 1, flags: 245760, childFlags: 0, directChildFlags: 0, childMatchedQueries: 0, matchedQueries: Object, matchedQueryIds: 0, references: Object, ngContentIndex: -1,  ...
Error: StaticInjectorError(DynamicTestModule)[AppComponent -&gt; NgxAnalyticsGoogleAnalytics]: 
    at NullInjector.push../node_modules/@angular/core/fesm5/core.js.NullInjector.get (node_modules/@angular/core/fesm5/core.js:8896:1)
    at resolveToken (node_modules/@angular/core/fesm5/core.js:9141:1)
    at tryResolveToken (node_modules/@angular/core/fesm5/core.js:9085:1)
    at StaticInjector.push../node_modules/@angular/core/fesm5/core.js.StaticInjector.get (node_modules/@angular/core/fesm5/core.js:8982:1)
    at resolveToken (node_modules/@angular/core/fesm5/core.js:9141:1)
    at tryResolveToken (node_modules/@angular/core/fesm5/core.js:9085:1)
    at StaticInjector.push../node_modules/@angular/core/fesm5/core.js.StaticInjector.get (node_modules/@angular/core/fesm5/core.js:8982:1)
    at resolveNgModuleDep (node_modules/@angular/core/fesm5/core.js:21218:1)
    at NgModuleRef_.push../node_modules/@angular/core/fesm5/core.js.NgModuleRef_.get (node_modules/@angular/core/fesm5/core.js:21907:1)
    at resolveDep (node_modules/@angular/core/fesm5/core.js:22278:1)
</failure>
  </testcase>
  <testcase name="AuthenticationGuard should return true if user is authenticated" time="0.005" classname="AuthenticationGuard"/>
  <testcase name="AuthenticationGuard should save url as queryParam if user is not authenticated" time="0.005" classname="AuthenticationGuard"/>
  <testcase name="AuthenticationGuard should return false and redirect to login if user is not authenticated" time="0.006" classname="AuthenticationGuard"/>
  <testcase name="AuthenticationGuard should have a canActivate method" time="0.006" classname="AuthenticationGuard"/>
  <testcase name="ApiPrefixInterceptor should not prepend environment.serverUrl to request url" time="0.005" classname="ApiPrefixInterceptor"/>
  <testcase name="ApiPrefixInterceptor should prepend environment.serverUrl to the request url" time="0.005" classname="ApiPrefixInterceptor"/>
  <system-out>
    <![CDATA[
]]>
  </system-out>
  <system-err/>
</testsuite>